[ 2017-04-18T21:48:59+08:00 ] ::1 /index.php/Admin/
INFO: [ app_init ] --START--
INFO: Run Behavior\BuildLiteBehavior [ RunTime:0.000040s ]
INFO: [ app_init ] --END-- [ RunTime:0.000736s ]
INFO: [ app_begin ] --START--
INFO: Run Behavior\ReadHtmlCacheBehavior [ RunTime:0.001085s ]
INFO: [ app_begin ] --END-- [ RunTime:0.001255s ]
ERR: 无法加载控制器:Index

[ 2017-04-18T21:49:11+08:00 ] ::1 /index.php/Admin/
INFO: [ app_init ] --START--
INFO: Run Behavior\BuildLiteBehavior [ RunTime:0.000038s ]
INFO: [ app_init ] --END-- [ RunTime:0.000685s ]
INFO: [ app_begin ] --START--
INFO: Run Behavior\ReadHtmlCacheBehavior [ RunTime:0.000907s ]
INFO: [ app_begin ] --END-- [ RunTime:0.001080s ]
INFO: [ view_parse ] --START--
INFO: [ template_filter ] --START--
INFO: Run Behavior\ContentReplaceBehavior [ RunTime:0.000730s ]
INFO: [ template_filter ] --END-- [ RunTime:0.000984s ]
INFO: Run Behavior\ParseTemplateBehavior [ RunTime:0.033290s ]
INFO: [ view_parse ] --END-- [ RunTime:0.033485s ]
INFO: [ view_filter ] --START--
INFO: Run Behavior\WriteHtmlCacheBehavior [ RunTime:0.000809s ]
INFO: [ view_filter ] --END-- [ RunTime:0.000959s ]
INFO: [ app_end ] --START--
INFO: Run Behavior\ShowPageTraceBehavior [ RunTime:0.001042s ]
INFO: [ app_end ] --END-- [ RunTime:0.001197s ]

[ 2017-04-18T21:50:26+08:00 ] ::1 /index.php/Admin/
INFO: [ app_init ] --START--
INFO: Run Behavior\BuildLiteBehavior [ RunTime:0.000038s ]
INFO: [ app_init ] --END-- [ RunTime:0.000855s ]
INFO: [ app_begin ] --START--
INFO: Run Behavior\ReadHtmlCacheBehavior [ RunTime:0.000889s ]
INFO: [ app_begin ] --END-- [ RunTime:0.001059s ]
INFO: [ view_parse ] --START--
INFO: [ template_filter ] --START--
INFO: Run Behavior\ContentReplaceBehavior [ RunTime:0.000154s ]
INFO: [ template_filter ] --END-- [ RunTime:0.000336s ]
INFO: Run Behavior\ParseTemplateBehavior [ RunTime:0.032116s ]
INFO: [ view_parse ] --END-- [ RunTime:0.032703s ]
INFO: [ view_filter ] --START--
INFO: Run Behavior\WriteHtmlCacheBehavior [ RunTime:0.001105s ]
INFO: [ view_filter ] --END-- [ RunTime:0.001399s ]
INFO: [ app_end ] --START--
INFO: Run Behavior\ShowPageTraceBehavior [ RunTime:0.001323s ]
INFO: [ app_end ] --END-- [ RunTime:0.001583s ]

[ 2017-04-18T21:50:26+08:00 ] ::1 /index.php/Admin/style/beyond.css
INFO: [ app_init ] --START--
INFO: Run Behavior\BuildLiteBehavior [ RunTime:0.000067s ]
INFO: [ app_init ] --END-- [ RunTime:0.000978s ]
INFO: [ app_begin ] --START--
INFO: Run Behavior\ReadHtmlCacheBehavior [ RunTime:0.001260s ]
INFO: [ app_begin ] --END-- [ RunTime:0.001602s ]
ERR: 无法加载控制器:Style

[ 2017-04-18T21:50:26+08:00 ] ::1 /index.php/Admin/style/weather-icons.css
INFO: [ app_init ] --START--
INFO: Run Behavior\BuildLiteBehavior [ RunTime:0.000080s ]
INFO: [ app_init ] --END-- [ RunTime:0.001010s ]
INFO: [ app_begin ] --START--
INFO: Run Behavior\ReadHtmlCacheBehavior [ RunTime:0.006995s ]
INFO: [ app_begin ] --END-- [ RunTime:0.007311s ]
ERR: 无法加载控制器:Style

[ 2017-04-18T21:50:26+08:00 ] ::1 /index.php/Admin/style/typicons.css
INFO: [ app_init ] --START--
INFO: Run Behavior\BuildLiteBehavior [ RunTime:0.000194s ]
INFO: [ app_init ] --END-- [ RunTime:0.001825s ]
INFO: [ app_begin ] --START--
INFO: Run Behavior\ReadHtmlCacheBehavior [ RunTime:0.001152s ]
INFO: [ app_begin ] --END-- [ RunTime:0.001444s ]
ERR: 无法加载控制器:Style

[ 2017-04-18T21:50:26+08:00 ] ::1 /index.php/Admin/style/bootstrap.css
INFO: [ app_init ] --START--
INFO: Run Behavior\BuildLiteBehavior [ RunTime:0.000065s ]
INFO: [ app_init ] --END-- [ RunTime:0.000975s ]
INFO: [ app_begin ] --START--
INFO: Run Behavior\ReadHtmlCacheBehavior [ RunTime:0.003805s ]
INFO: [ app_begin ] --END-- [ RunTime:0.004119s ]
ERR: 无法加载控制器:Style

[ 2017-04-18T21:50:26+08:00 ] ::1 /index.php/Admin/style/font-awesome.css
INFO: [ app_init ] --START--
INFO: Run Behavior\BuildLiteBehavior [ RunTime:0.000062s ]
INFO: [ app_init ] --END-- [ RunTime:0.001013s ]
INFO: [ app_begin ] --START--
INFO: Run Behavior\ReadHtmlCacheBehavior [ RunTime:0.000980s ]
INFO: [ app_begin ] --END-- [ RunTime:0.001171s ]
ERR: 无法加载控制器:Style

[ 2017-04-18T21:50:26+08:00 ] ::1 /index.php/Admin/style/demo.css
INFO: [ app_init ] --START--
INFO: Run Behavior\BuildLiteBehavior [ RunTime:0.000037s ]
INFO: [ app_init ] --END-- [ RunTime:0.000869s ]
INFO: [ app_begin ] --START--
INFO: Run Behavior\ReadHtmlCacheBehavior [ RunTime:0.001064s ]
INFO: [ app_begin ] --END-- [ RunTime:0.001335s ]
ERR: 无法加载控制器:Style

[ 2017-04-18T21:50:26+08:00 ] ::1 /index.php/Admin/style/jquery_002.js
INFO: [ app_init ] --START--
INFO: Run Behavior\BuildLiteBehavior [ RunTime:0.000068s ]
INFO: [ app_init ] --END-- [ RunTime:0.000912s ]
INFO: [ app_begin ] --START--
INFO: Run Behavior\ReadHtmlCacheBehavior [ RunTime:0.000881s ]
INFO: [ app_begin ] --END-- [ RunTime:0.001177s ]
ERR: 无法加载控制器:Style

[ 2017-04-18T21:50:26+08:00 ] ::1 /index.php/Admin/style/animate.css
INFO: [ app_init ] --START--
INFO: Run Behavior\BuildLiteBehavior [ RunTime:0.000069s ]
INFO: [ app_init ] --END-- [ RunTime:0.000990s ]
INFO: [ app_begin ] --START--
INFO: Run Behavior\ReadHtmlCacheBehavior [ RunTime:0.001125s ]
INFO: [ app_begin ] --END-- [ RunTime:0.001444s ]
ERR: 无法加载控制器:Style

[ 2017-04-18T21:50:26+08:00 ] ::1 /index.php/Admin/style/bootstrap.js
INFO: [ app_init ] --START--
INFO: Run Behavior\BuildLiteBehavior [ RunTime:0.000074s ]
INFO: [ app_init ] --END-- [ RunTime:0.001079s ]
INFO: [ app_begin ] --START--
INFO: Run Behavior\ReadHtmlCacheBehavior [ RunTime:0.001192s ]
INFO: [ app_begin ] --END-- [ RunTime:0.001508s ]
ERR: 无法加载控制器:Style

[ 2017-04-18T21:50:26+08:00 ] ::1 /index.php/Admin/images/adam-jansen.jpg
INFO: [ app_init ] --START--
INFO: Run Behavior\BuildLiteBehavior [ RunTime:0.000073s ]
INFO: [ app_init ] --END-- [ RunTime:0.002547s ]

[ 2017-04-18T21:50:26+08:00 ] ::1 /index.php/Admin/images/logo.png
INFO: [ app_init ] --START--
INFO: Run Behavior\BuildLiteBehavior [ RunTime:0.000053s ]
INFO: [ app_init ] --END-- [ RunTime:0.000960s ]

[ 2017-04-18T21:50:26+08:00 ] ::1 /index.php/Admin/style/beyond.js
INFO: [ app_init ] --START--
INFO: Run Behavior\BuildLiteBehavior [ RunTime:0.000061s ]
INFO: [ app_init ] --END-- [ RunTime:0.002692s ]
INFO: [ app_begin ] --START--
INFO: Run Behavior\ReadHtmlCacheBehavior [ RunTime:0.002466s ]
INFO: [ app_begin ] --END-- [ RunTime:0.002783s ]
ERR: 无法加载控制器:Style

[ 2017-04-18T21:50:26+08:00 ] ::1 /index.php/Admin/style/jquery.js
INFO: [ app_init ] --START--
INFO: Run Behavior\BuildLiteBehavior [ RunTime:0.000062s ]
INFO: [ app_init ] --END-- [ RunTime:0.000980s ]
INFO: [ app_begin ] --START--
INFO: Run Behavior\ReadHtmlCacheBehavior [ RunTime:0.002733s ]
INFO: [ app_begin ] --END-- [ RunTime:0.003038s ]
ERR: 无法加载控制器:Style

[ 2017-04-18T21:50:26+08:00 ] ::1 /index.php/Admin/style/beyond.js
INFO: [ app_init ] --START--
INFO: Run Behavior\BuildLiteBehavior [ RunTime:0.000073s ]
INFO: [ app_init ] --END-- [ RunTime:0.001457s ]
INFO: [ app_begin ] --START--
INFO: Run Behavior\ReadHtmlCacheBehavior [ RunTime:0.002105s ]
INFO: [ app_begin ] --END-- [ RunTime:0.002525s ]
ERR: 无法加载控制器:Style

[ 2017-04-18T21:52:03+08:00 ] ::1 /index.php/Admin/
INFO: [ app_init ] --START--
INFO: Run Behavior\BuildLiteBehavior [ RunTime:0.000038s ]
INFO: [ app_init ] --END-- [ RunTime:0.000674s ]

[ 2017-04-18T21:52:41+08:00 ] ::1 /index.php/Admin/
INFO: [ app_init ] --START--
INFO: Run Behavior\BuildLiteBehavior [ RunTime:0.000038s ]
INFO: [ app_init ] --END-- [ RunTime:0.000729s ]
NOTIC: [2] include(./WIIWORK/Common/Conf/config.php): failed to open stream: No such file or directory F:\wamp\www\Web\Admin\Conf\config.php 第 16 行.
NOTIC: [2] include(): Failed opening './WIIWORK/Common/Conf/config.php' for inclusion (include_path='.;C:\php\pear') F:\wamp\www\Web\Admin\Conf\config.php 第 16 行.
NOTIC: [2] array_merge(): Argument #1 is not an array F:\wamp\www\Web\Admin\Conf\config.php 第 16 行.
INFO: [ app_begin ] --START--
INFO: Run Behavior\ReadHtmlCacheBehavior [ RunTime:0.003016s ]
INFO: [ app_begin ] --END-- [ RunTime:0.003492s ]
INFO: [ view_parse ] --START--
INFO: [ template_filter ] --START--
INFO: Run Behavior\ContentReplaceBehavior [ RunTime:0.000268s ]
INFO: [ template_filter ] --END-- [ RunTime:0.000585s ]
INFO: Run Behavior\ParseTemplateBehavior [ RunTime:0.012961s ]
INFO: [ view_parse ] --END-- [ RunTime:0.013154s ]
INFO: [ view_filter ] --START--
INFO: Run Behavior\WriteHtmlCacheBehavior [ RunTime:0.000653s ]
INFO: [ view_filter ] --END-- [ RunTime:0.000802s ]
INFO: [ app_end ] --START--
INFO: Run Behavior\ShowPageTraceBehavior [ RunTime:0.000979s ]
INFO: [ app_end ] --END-- [ RunTime:0.001176s ]

[ 2017-04-18T21:52:41+08:00 ] ::1 /index.php/Admin/images/adam-jansen.jpg
INFO: [ app_init ] --START--
INFO: Run Behavior\BuildLiteBehavior [ RunTime:0.000067s ]
INFO: [ app_init ] --END-- [ RunTime:0.001019s ]
NOTIC: [2] include(./WIIWORK/Common/Conf/config.php): failed to open stream: No such file or directory F:\wamp\www\Web\Admin\Conf\config.php 第 16 行.
NOTIC: [2] include(): Failed opening './WIIWORK/Common/Conf/config.php' for inclusion (include_path='.;C:\php\pear') F:\wamp\www\Web\Admin\Conf\config.php 第 16 行.
NOTIC: [2] array_merge(): Argument #1 is not an array F:\wamp\www\Web\Admin\Conf\config.php 第 16 行.

[ 2017-04-18T21:52:41+08:00 ] ::1 /index.php/Admin/images/logo.png
INFO: [ app_init ] --START--
INFO: Run Behavior\BuildLiteBehavior [ RunTime:0.000067s ]
INFO: [ app_init ] --END-- [ RunTime:0.000966s ]
NOTIC: [2] include(./WIIWORK/Common/Conf/config.php): failed to open stream: No such file or directory F:\wamp\www\Web\Admin\Conf\config.php 第 16 行.
NOTIC: [2] include(): Failed opening './WIIWORK/Common/Conf/config.php' for inclusion (include_path='.;C:\php\pear') F:\wamp\www\Web\Admin\Conf\config.php 第 16 行.
NOTIC: [2] array_merge(): Argument #1 is not an array F:\wamp\www\Web\Admin\Conf\config.php 第 16 行.

[ 2017-04-18T21:53:16+08:00 ] ::1 /index.php/Admin/
INFO: [ app_init ] --START--
INFO: Run Behavior\BuildLiteBehavior [ RunTime:0.000041s ]
INFO: [ app_init ] --END-- [ RunTime:0.000921s ]
NOTIC: [2] include(./WIIWORK/Common/Conf/config.php): failed to open stream: No such file or directory F:\wamp\www\Web\Admin\Conf\config.php 第 16 行.
NOTIC: [2] include(): Failed opening './WIIWORK/Common/Conf/config.php' for inclusion (include_path='.;C:\php\pear') F:\wamp\www\Web\Admin\Conf\config.php 第 16 行.
NOTIC: [2] array_merge(): Argument #1 is not an array F:\wamp\www\Web\Admin\Conf\config.php 第 16 行.
INFO: [ app_begin ] --START--
INFO: Run Behavior\ReadHtmlCacheBehavior [ RunTime:0.001482s ]
INFO: [ app_begin ] --END-- [ RunTime:0.001782s ]
INFO: [ view_parse ] --START--
INFO: [ template_filter ] --START--
INFO: Run Behavior\ContentReplaceBehavior [ RunTime:0.000157s ]
INFO: [ template_filter ] --END-- [ RunTime:0.000345s ]
INFO: Run Behavior\ParseTemplateBehavior [ RunTime:0.012678s ]
INFO: [ view_parse ] --END-- [ RunTime:0.012961s ]
INFO: [ view_filter ] --START--
INFO: Run Behavior\WriteHtmlCacheBehavior [ RunTime:0.001050s ]
INFO: [ view_filter ] --END-- [ RunTime:0.001259s ]
INFO: [ app_end ] --START--
INFO: Run Behavior\ShowPageTraceBehavior [ RunTime:0.001382s ]
INFO: [ app_end ] --END-- [ RunTime:0.001641s ]

[ 2017-04-18T21:53:16+08:00 ] ::1 /index.php/Admin/images/logo.png
INFO: [ app_init ] --START--
INFO: Run Behavior\BuildLiteBehavior [ RunTime:0.000058s ]
INFO: [ app_init ] --END-- [ RunTime:0.000934s ]
NOTIC: [2] include(./WIIWORK/Common/Conf/config.php): failed to open stream: No such file or directory F:\wamp\www\Web\Admin\Conf\config.php 第 16 行.
NOTIC: [2] include(): Failed opening './WIIWORK/Common/Conf/config.php' for inclusion (include_path='.;C:\php\pear') F:\wamp\www\Web\Admin\Conf\config.php 第 16 行.
NOTIC: [2] array_merge(): Argument #1 is not an array F:\wamp\www\Web\Admin\Conf\config.php 第 16 行.

[ 2017-04-18T21:53:16+08:00 ] ::1 /index.php/Admin/images/adam-jansen.jpg
INFO: [ app_init ] --START--
INFO: Run Behavior\BuildLiteBehavior [ RunTime:0.000074s ]
INFO: [ app_init ] --END-- [ RunTime:0.001112s ]
NOTIC: [2] include(./WIIWORK/Common/Conf/config.php): failed to open stream: No such file or directory F:\wamp\www\Web\Admin\Conf\config.php 第 16 行.
NOTIC: [2] include(): Failed opening './WIIWORK/Common/Conf/config.php' for inclusion (include_path='.;C:\php\pear') F:\wamp\www\Web\Admin\Conf\config.php 第 16 行.
NOTIC: [2] array_merge(): Argument #1 is not an array F:\wamp\www\Web\Admin\Conf\config.php 第 16 行.

[ 2017-04-18T21:53:22+08:00 ] ::1 /index.php/Admin/
INFO: [ app_init ] --START--
INFO: Run Behavior\BuildLiteBehavior [ RunTime:0.000036s ]
INFO: [ app_init ] --END-- [ RunTime:0.000639s ]
NOTIC: [2] include(./WIIWORK/Common/Conf/config.php): failed to open stream: No such file or directory F:\wamp\www\Web\Admin\Conf\config.php 第 16 行.
NOTIC: [2] include(): Failed opening './WIIWORK/Common/Conf/config.php' for inclusion (include_path='.;C:\php\pear') F:\wamp\www\Web\Admin\Conf\config.php 第 16 行.
NOTIC: [2] array_merge(): Argument #1 is not an array F:\wamp\www\Web\Admin\Conf\config.php 第 16 行.
INFO: [ app_begin ] --START--
INFO: Run Behavior\ReadHtmlCacheBehavior [ RunTime:0.000944s ]
INFO: [ app_begin ] --END-- [ RunTime:0.001122s ]
INFO: [ view_parse ] --START--
INFO: [ template_filter ] --START--
INFO: Run Behavior\ContentReplaceBehavior [ RunTime:0.000279s ]
INFO: [ template_filter ] --END-- [ RunTime:0.000607s ]
INFO: Run Behavior\ParseTemplateBehavior [ RunTime:0.012861s ]
INFO: [ view_parse ] --END-- [ RunTime:0.013093s ]
INFO: [ view_filter ] --START--
INFO: Run Behavior\WriteHtmlCacheBehavior [ RunTime:0.000678s ]
INFO: [ view_filter ] --END-- [ RunTime:0.000835s ]
INFO: [ app_end ] --START--
INFO: Run Behavior\ShowPageTraceBehavior [ RunTime:0.001846s ]
INFO: [ app_end ] --END-- [ RunTime:0.002167s ]

[ 2017-04-18T21:53:23+08:00 ] ::1 /index.php/Admin/images/logo.png
INFO: [ app_init ] --START--
INFO: Run Behavior\BuildLiteBehavior [ RunTime:0.000067s ]
INFO: [ app_init ] --END-- [ RunTime:0.000991s ]
NOTIC: [2] include(./WIIWORK/Common/Conf/config.php): failed to open stream: No such file or directory F:\wamp\www\Web\Admin\Conf\config.php 第 16 行.
NOTIC: [2] include(): Failed opening './WIIWORK/Common/Conf/config.php' for inclusion (include_path='.;C:\php\pear') F:\wamp\www\Web\Admin\Conf\config.php 第 16 行.
NOTIC: [2] array_merge(): Argument #1 is not an array F:\wamp\www\Web\Admin\Conf\config.php 第 16 行.

[ 2017-04-18T21:53:23+08:00 ] ::1 /index.php/Admin/images/adam-jansen.jpg
INFO: [ app_init ] --START--
INFO: Run Behavior\BuildLiteBehavior [ RunTime:0.000068s ]
INFO: [ app_init ] --END-- [ RunTime:0.001034s ]
NOTIC: [2] include(./WIIWORK/Common/Conf/config.php): failed to open stream: No such file or directory F:\wamp\www\Web\Admin\Conf\config.php 第 16 行.
NOTIC: [2] include(): Failed opening './WIIWORK/Common/Conf/config.php' for inclusion (include_path='.;C:\php\pear') F:\wamp\www\Web\Admin\Conf\config.php 第 16 行.
NOTIC: [2] array_merge(): Argument #1 is not an array F:\wamp\www\Web\Admin\Conf\config.php 第 16 行.

[ 2017-04-18T21:53:23+08:00 ] ::1 /index.php/Admin/
INFO: [ app_init ] --START--
INFO: Run Behavior\BuildLiteBehavior [ RunTime:0.000038s ]
INFO: [ app_init ] --END-- [ RunTime:0.000654s ]
NOTIC: [2] include(./WIIWORK/Common/Conf/config.php): failed to open stream: No such file or directory F:\wamp\www\Web\Admin\Conf\config.php 第 16 行.
NOTIC: [2] include(): Failed opening './WIIWORK/Common/Conf/config.php' for inclusion (include_path='.;C:\php\pear') F:\wamp\www\Web\Admin\Conf\config.php 第 16 行.
NOTIC: [2] array_merge(): Argument #1 is not an array F:\wamp\www\Web\Admin\Conf\config.php 第 16 行.
INFO: [ app_begin ] --START--
INFO: Run Behavior\ReadHtmlCacheBehavior [ RunTime:0.000864s ]
INFO: [ app_begin ] --END-- [ RunTime:0.001026s ]
INFO: [ view_parse ] --START--
INFO: [ template_filter ] --START--
INFO: Run Behavior\ContentReplaceBehavior [ RunTime:0.000254s ]
INFO: [ template_filter ] --END-- [ RunTime:0.000578s ]
INFO: Run Behavior\ParseTemplateBehavior [ RunTime:0.012946s ]
INFO: [ view_parse ] --END-- [ RunTime:0.013169s ]
INFO: [ view_filter ] --START--
INFO: Run Behavior\WriteHtmlCacheBehavior [ RunTime:0.000595s ]
INFO: [ view_filter ] --END-- [ RunTime:0.000744s ]
INFO: [ app_end ] --START--
INFO: Run Behavior\ShowPageTraceBehavior [ RunTime:0.003256s ]
INFO: [ app_end ] --END-- [ RunTime:0.003487s ]

[ 2017-04-18T21:53:23+08:00 ] ::1 /index.php/Admin/images/logo.png
INFO: [ app_init ] --START--
INFO: Run Behavior\BuildLiteBehavior [ RunTime:0.000038s ]
INFO: [ app_init ] --END-- [ RunTime:0.000710s ]
NOTIC: [2] include(./WIIWORK/Common/Conf/config.php): failed to open stream: No such file or directory F:\wamp\www\Web\Admin\Conf\config.php 第 16 行.
NOTIC: [2] include(): Failed opening './WIIWORK/Common/Conf/config.php' for inclusion (include_path='.;C:\php\pear') F:\wamp\www\Web\Admin\Conf\config.php 第 16 行.
NOTIC: [2] array_merge(): Argument #1 is not an array F:\wamp\www\Web\Admin\Conf\config.php 第 16 行.

[ 2017-04-18T21:53:23+08:00 ] ::1 /index.php/Admin/images/adam-jansen.jpg
INFO: [ app_init ] --START--
INFO: Run Behavior\BuildLiteBehavior [ RunTime:0.000042s ]
INFO: [ app_init ] --END-- [ RunTime:0.000701s ]
NOTIC: [2] include(./WIIWORK/Common/Conf/config.php): failed to open stream: No such file or directory F:\wamp\www\Web\Admin\Conf\config.php 第 16 行.
NOTIC: [2] include(): Failed opening './WIIWORK/Common/Conf/config.php' for inclusion (include_path='.;C:\php\pear') F:\wamp\www\Web\Admin\Conf\config.php 第 16 行.
NOTIC: [2] array_merge(): Argument #1 is not an array F:\wamp\www\Web\Admin\Conf\config.php 第 16 行.

[ 2017-04-18T21:59:55+08:00 ] ::1 /index.php/Admin/
INFO: [ app_init ] --START--
INFO: Run Behavior\BuildLiteBehavior [ RunTime:0.000039s ]
INFO: [ app_init ] --END-- [ RunTime:0.001193s ]
NOTIC: [2] include(./WIIWORK/Common/Conf/config.php): failed to open stream: No such file or directory F:\wamp\www\Web\Admin\Conf\config.php 第 17 行.
NOTIC: [2] include(): Failed opening './WIIWORK/Common/Conf/config.php' for inclusion (include_path='.;C:\php\pear') F:\wamp\www\Web\Admin\Conf\config.php 第 17 行.
NOTIC: [2] array_merge(): Argument #1 is not an array F:\wamp\www\Web\Admin\Conf\config.php 第 17 行.
INFO: [ app_begin ] --START--
INFO: Run Behavior\ReadHtmlCacheBehavior [ RunTime:0.007641s ]
INFO: [ app_begin ] --END-- [ RunTime:0.007825s ]
INFO: [ view_parse ] --START--
INFO: [ template_filter ] --START--
INFO: Run Behavior\ContentReplaceBehavior [ RunTime:0.000163s ]
INFO: [ template_filter ] --END-- [ RunTime:0.000352s ]
INFO: Run Behavior\ParseTemplateBehavior [ RunTime:0.078864s ]
INFO: [ view_parse ] --END-- [ RunTime:0.079056s ]
INFO: [ view_filter ] --START--
INFO: Run Behavior\WriteHtmlCacheBehavior [ RunTime:0.014910s ]
INFO: [ view_filter ] --END-- [ RunTime:0.015137s ]
INFO: [ app_end ] --START--
INFO: Run Behavior\ShowPageTraceBehavior [ RunTime:0.012398s ]
INFO: [ app_end ] --END-- [ RunTime:0.012743s ]

[ 2017-04-18T21:59:56+08:00 ] ::1 /index.php/Admin/images/logo.png
INFO: [ app_init ] --START--
INFO: Run Behavior\BuildLiteBehavior [ RunTime:0.000065s ]
INFO: [ app_init ] --END-- [ RunTime:0.001291s ]
NOTIC: [2] include(./WIIWORK/Common/Conf/config.php): failed to open stream: No such file or directory F:\wamp\www\Web\Admin\Conf\config.php 第 17 行.
NOTIC: [2] include(): Failed opening './WIIWORK/Common/Conf/config.php' for inclusion (include_path='.;C:\php\pear') F:\wamp\www\Web\Admin\Conf\config.php 第 17 行.
NOTIC: [2] array_merge(): Argument #1 is not an array F:\wamp\www\Web\Admin\Conf\config.php 第 17 行.

[ 2017-04-18T21:59:56+08:00 ] ::1 /index.php/Admin/images/adam-jansen.jpg
INFO: [ app_init ] --START--
INFO: Run Behavior\BuildLiteBehavior [ RunTime:0.000071s ]
INFO: [ app_init ] --END-- [ RunTime:0.001782s ]
NOTIC: [2] include(./WIIWORK/Common/Conf/config.php): failed to open stream: No such file or directory F:\wamp\www\Web\Admin\Conf\config.php 第 17 行.
NOTIC: [2] include(): Failed opening './WIIWORK/Common/Conf/config.php' for inclusion (include_path='.;C:\php\pear') F:\wamp\www\Web\Admin\Conf\config.php 第 17 行.
NOTIC: [2] array_merge(): Argument #1 is not an array F:\wamp\www\Web\Admin\Conf\config.php 第 17 行.

[ 2017-04-18T22:00:04+08:00 ] ::1 /index.php/Admin/
INFO: [ app_init ] --START--
INFO: Run Behavior\BuildLiteBehavior [ RunTime:0.000140s ]
INFO: [ app_init ] --END-- [ RunTime:0.001439s ]
NOTIC: [2] include(./WIIWORK/Common/Conf/config.php): failed to open stream: No such file or directory F:\wamp\www\Web\Admin\Conf\config.php 第 17 行.
NOTIC: [2] include(): Failed opening './WIIWORK/Common/Conf/config.php' for inclusion (include_path='.;C:\php\pear') F:\wamp\www\Web\Admin\Conf\config.php 第 17 行.
NOTIC: [2] array_merge(): Argument #1 is not an array F:\wamp\www\Web\Admin\Conf\config.php 第 17 行.
INFO: [ app_begin ] --START--
INFO: Run Behavior\ReadHtmlCacheBehavior [ RunTime:0.002691s ]
INFO: [ app_begin ] --END-- [ RunTime:0.003117s ]
INFO: [ view_parse ] --START--
INFO: [ template_filter ] --START--
INFO: Run Behavior\ContentReplaceBehavior [ RunTime:0.000156s ]
INFO: [ template_filter ] --END-- [ RunTime:0.001743s ]
INFO: Run Behavior\ParseTemplateBehavior [ RunTime:0.020844s ]
INFO: [ view_parse ] --END-- [ RunTime:0.021135s ]
INFO: [ view_filter ] --START--
INFO: Run Behavior\WriteHtmlCacheBehavior [ RunTime:0.001499s ]
INFO: [ view_filter ] --END-- [ RunTime:0.001823s ]
INFO: [ app_end ] --START--
INFO: Run Behavior\ShowPageTraceBehavior [ RunTime:0.001619s ]
INFO: [ app_end ] --END-- [ RunTime:0.001946s ]

[ 2017-04-18T22:00:04+08:00 ] ::1 /index.php/Admin/images/logo.png
INFO: [ app_init ] --START--
INFO: Run Behavior\BuildLiteBehavior [ RunTime:0.000072s ]
INFO: [ app_init ] --END-- [ RunTime:0.000998s ]
NOTIC: [2] include(./WIIWORK/Common/Conf/config.php): failed to open stream: No such file or directory F:\wamp\www\Web\Admin\Conf\config.php 第 17 行.
NOTIC: [2] include(): Failed opening './WIIWORK/Common/Conf/config.php' for inclusion (include_path='.;C:\php\pear') F:\wamp\www\Web\Admin\Conf\config.php 第 17 行.
NOTIC: [2] array_merge(): Argument #1 is not an array F:\wamp\www\Web\Admin\Conf\config.php 第 17 行.

[ 2017-04-18T22:00:04+08:00 ] ::1 /index.php/Admin/images/adam-jansen.jpg
INFO: [ app_init ] --START--
INFO: Run Behavior\BuildLiteBehavior [ RunTime:0.000086s ]
INFO: [ app_init ] --END-- [ RunTime:0.001062s ]
NOTIC: [2] include(./WIIWORK/Common/Conf/config.php): failed to open stream: No such file or directory F:\wamp\www\Web\Admin\Conf\config.php 第 17 行.
NOTIC: [2] include(): Failed opening './WIIWORK/Common/Conf/config.php' for inclusion (include_path='.;C:\php\pear') F:\wamp\www\Web\Admin\Conf\config.php 第 17 行.
NOTIC: [2] array_merge(): Argument #1 is not an array F:\wamp\www\Web\Admin\Conf\config.php 第 17 行.

[ 2017-04-18T22:02:06+08:00 ] ::1 /index.php/Admin/
INFO: [ app_init ] --START--
INFO: Run Behavior\BuildLiteBehavior [ RunTime:0.000039s ]
INFO: [ app_init ] --END-- [ RunTime:0.000739s ]
NOTIC: [2] include(./WIIWORK/Common/Conf/config.php): failed to open stream: No such file or directory F:\wamp\www\Web\Admin\Conf\config.php 第 18 行.
NOTIC: [2] include(): Failed opening './WIIWORK/Common/Conf/config.php' for inclusion (include_path='.;C:\php\pear') F:\wamp\www\Web\Admin\Conf\config.php 第 18 行.
NOTIC: [2] array_merge(): Argument #1 is not an array F:\wamp\www\Web\Admin\Conf\config.php 第 18 行.
INFO: [ app_begin ] --START--
INFO: Run Behavior\ReadHtmlCacheBehavior [ RunTime:0.001354s ]
INFO: [ app_begin ] --END-- [ RunTime:0.001719s ]
INFO: [ view_parse ] --START--
INFO: [ template_filter ] --START--
INFO: Run Behavior\ContentReplaceBehavior [ RunTime:0.000159s ]
INFO: [ template_filter ] --END-- [ RunTime:0.000434s ]
INFO: Run Behavior\ParseTemplateBehavior [ RunTime:0.014992s ]
INFO: [ view_parse ] --END-- [ RunTime:0.015249s ]
INFO: [ view_filter ] --START--
INFO: Run Behavior\WriteHtmlCacheBehavior [ RunTime:0.002653s ]
INFO: [ view_filter ] --END-- [ RunTime:0.002917s ]
INFO: [ app_end ] --START--
INFO: Run Behavior\ShowPageTraceBehavior [ RunTime:0.001227s ]
INFO: [ app_end ] --END-- [ RunTime:0.001483s ]

[ 2017-04-18T22:02:06+08:00 ] ::1 /index.php/Admin/images/logo.png
INFO: [ app_init ] --START--
INFO: Run Behavior\BuildLiteBehavior [ RunTime:0.000056s ]
INFO: [ app_init ] --END-- [ RunTime:0.000908s ]
NOTIC: [2] include(./WIIWORK/Common/Conf/config.php): failed to open stream: No such file or directory F:\wamp\www\Web\Admin\Conf\config.php 第 18 行.
NOTIC: [2] include(): Failed opening './WIIWORK/Common/Conf/config.php' for inclusion (include_path='.;C:\php\pear') F:\wamp\www\Web\Admin\Conf\config.php 第 18 行.
NOTIC: [2] array_merge(): Argument #1 is not an array F:\wamp\www\Web\Admin\Conf\config.php 第 18 行.

[ 2017-04-18T22:02:06+08:00 ] ::1 /index.php/Admin/images/adam-jansen.jpg
INFO: [ app_init ] --START--
INFO: Run Behavior\BuildLiteBehavior [ RunTime:0.000070s ]
INFO: [ app_init ] --END-- [ RunTime:0.001468s ]
NOTIC: [2] include(./WIIWORK/Common/Conf/config.php): failed to open stream: No such file or directory F:\wamp\www\Web\Admin\Conf\config.php 第 18 行.
NOTIC: [2] include(): Failed opening './WIIWORK/Common/Conf/config.php' for inclusion (include_path='.;C:\php\pear') F:\wamp\www\Web\Admin\Conf\config.php 第 18 行.
NOTIC: [2] array_merge(): Argument #1 is not an array F:\wamp\www\Web\Admin\Conf\config.php 第 18 行.

[ 2017-04-18T22:02:36+08:00 ] ::1 /index.php/Admin/
INFO: [ app_init ] --START--
INFO: Run Behavior\BuildLiteBehavior [ RunTime:0.000041s ]
INFO: [ app_init ] --END-- [ RunTime:0.000746s ]
INFO: [ app_begin ] --START--
INFO: Run Behavior\ReadHtmlCacheBehavior [ RunTime:0.001022s ]
INFO: [ app_begin ] --END-- [ RunTime:0.001201s ]
INFO: [ view_parse ] --START--
INFO: [ template_filter ] --START--
INFO: Run Behavior\ContentReplaceBehavior [ RunTime:0.000201s ]
INFO: [ template_filter ] --END-- [ RunTime:0.000388s ]
INFO: Run Behavior\ParseTemplateBehavior [ RunTime:0.012038s ]
INFO: [ view_parse ] --END-- [ RunTime:0.012287s ]
INFO: [ view_filter ] --START--
INFO: Run Behavior\WriteHtmlCacheBehavior [ RunTime:0.000692s ]
INFO: [ view_filter ] --END-- [ RunTime:0.000843s ]
INFO: [ app_end ] --START--
INFO: Run Behavior\ShowPageTraceBehavior [ RunTime:0.001158s ]
INFO: [ app_end ] --END-- [ RunTime:0.001384s ]

[ 2017-04-18T22:02:37+08:00 ] ::1 /index.php/Admin/images/logo.png
INFO: [ app_init ] --START--
INFO: Run Behavior\BuildLiteBehavior [ RunTime:0.000080s ]
INFO: [ app_init ] --END-- [ RunTime:0.001072s ]

[ 2017-04-18T22:02:37+08:00 ] ::1 /index.php/Admin/images/adam-jansen.jpg
INFO: [ app_init ] --START--
INFO: Run Behavior\BuildLiteBehavior [ RunTime:0.000071s ]
INFO: [ app_init ] --END-- [ RunTime:0.001056s ]

[ 2017-04-18T22:02:46+08:00 ] ::1 /index.php/Admin/
INFO: [ app_init ] --START--
INFO: Run Behavior\BuildLiteBehavior [ RunTime:0.000042s ]
INFO: [ app_init ] --END-- [ RunTime:0.000942s ]
INFO: [ app_begin ] --START--
INFO: Run Behavior\ReadHtmlCacheBehavior [ RunTime:0.001371s ]
INFO: [ app_begin ] --END-- [ RunTime:0.001716s ]
INFO: [ view_parse ] --START--
INFO: [ template_filter ] --START--
INFO: Run Behavior\ContentReplaceBehavior [ RunTime:0.000234s ]
INFO: [ template_filter ] --END-- [ RunTime:0.000422s ]
INFO: Run Behavior\ParseTemplateBehavior [ RunTime:0.014835s ]
INFO: [ view_parse ] --END-- [ RunTime:0.016143s ]
INFO: [ view_filter ] --START--
INFO: Run Behavior\WriteHtmlCacheBehavior [ RunTime:0.000929s ]
INFO: [ view_filter ] --END-- [ RunTime:0.001945s ]
INFO: [ app_end ] --START--
INFO: Run Behavior\ShowPageTraceBehavior [ RunTime:0.001419s ]
INFO: [ app_end ] --END-- [ RunTime:0.001734s ]

[ 2017-04-18T22:02:46+08:00 ] ::1 /index.php/Admin/images/adam-jansen.jpg
INFO: [ app_init ] --START--
INFO: Run Behavior\BuildLiteBehavior [ RunTime:0.000058s ]
INFO: [ app_init ] --END-- [ RunTime:0.000905s ]

[ 2017-04-18T22:02:46+08:00 ] ::1 /index.php/Admin/images/logo.png
INFO: [ app_init ] --START--
INFO: Run Behavior\BuildLiteBehavior [ RunTime:0.000072s ]
INFO: [ app_init ] --END-- [ RunTime:0.001101s ]

[ 2017-04-18T22:03:41+08:00 ] ::1 /index.php/Admin/
INFO: [ app_init ] --START--
INFO: Run Behavior\BuildLiteBehavior [ RunTime:0.000036s ]
INFO: [ app_init ] --END-- [ RunTime:0.000832s ]
INFO: [ app_begin ] --START--
INFO: Run Behavior\ReadHtmlCacheBehavior [ RunTime:0.001502s ]
INFO: [ app_begin ] --END-- [ RunTime:0.001824s ]
INFO: [ view_parse ] --START--
INFO: [ template_filter ] --START--
INFO: Run Behavior\ContentReplaceBehavior [ RunTime:0.000195s ]
INFO: [ template_filter ] --END-- [ RunTime:0.000431s ]
INFO: Run Behavior\ParseTemplateBehavior [ RunTime:0.011536s ]
INFO: [ view_parse ] --END-- [ RunTime:0.011882s ]
INFO: [ view_filter ] --START--
INFO: Run Behavior\WriteHtmlCacheBehavior [ RunTime:0.000852s ]
INFO: [ view_filter ] --END-- [ RunTime:0.001063s ]
INFO: [ app_end ] --START--
INFO: Run Behavior\ShowPageTraceBehavior [ RunTime:0.000967s ]
INFO: [ app_end ] --END-- [ RunTime:0.001226s ]

[ 2017-04-18T22:10:32+08:00 ] ::1 /index.php/Admin/
INFO: [ app_init ] --START--
INFO: Run Behavior\BuildLiteBehavior [ RunTime:0.000067s ]
INFO: [ app_init ] --END-- [ RunTime:0.001536s ]
INFO: [ app_begin ] --START--
INFO: Run Behavior\ReadHtmlCacheBehavior [ RunTime:0.007186s ]
INFO: [ app_begin ] --END-- [ RunTime:0.007561s ]
INFO: [ view_parse ] --START--
NOTIC: [2] simplexml_load_string(): Entity: line 19: parser error : Opening and ending tag mismatch: div line 18 and tpl F:\wamp\www\ThinkPHP\Library\Think\Template.class.php 第 275 行.
NOTIC: [2] simplexml_load_string():                 童老师THinkPHP第五季 大型商城项目开发&lt;br /&gt;&lt;/tpl&gt; F:\wamp\www\ThinkPHP\Library\Think\Template.class.php 第 275 行.
NOTIC: [2] simplexml_load_string():                                                                                ^ F:\wamp\www\ThinkPHP\Library\Think\Template.class.php 第 275 行.
NOTIC: [2] simplexml_load_string(): Entity: line 19: parser error : Premature end of data in tag div line 16 F:\wamp\www\ThinkPHP\Library\Think\Template.class.php 第 275 行.
NOTIC: [2] simplexml_load_string():                 童老师THinkPHP第五季 大型商城项目开发&lt;br /&gt;&lt;/tpl&gt; F:\wamp\www\ThinkPHP\Library\Think\Template.class.php 第 275 行.
NOTIC: [2] simplexml_load_string():                                                                                ^ F:\wamp\www\ThinkPHP\Library\Think\Template.class.php 第 275 行.
NOTIC: [2] simplexml_load_string(): Entity: line 19: parser error : Premature end of data in tag div line 6 F:\wamp\www\ThinkPHP\Library\Think\Template.class.php 第 275 行.
NOTIC: [2] simplexml_load_string():                 童老师THinkPHP第五季 大型商城项目开发&lt;br /&gt;&lt;/tpl&gt; F:\wamp\www\ThinkPHP\Library\Think\Template.class.php 第 275 行.
NOTIC: [2] simplexml_load_string():                                                                                ^ F:\wamp\www\ThinkPHP\Library\Think\Template.class.php 第 275 行.
NOTIC: [2] simplexml_load_string(): Entity: line 19: parser error : Premature end of data in tag include line 3 F:\wamp\www\ThinkPHP\Library\Think\Template.class.php 第 275 行.
NOTIC: [2] simplexml_load_string():                 童老师THinkPHP第五季 大型商城项目开发&lt;br /&gt;&lt;/tpl&gt; F:\wamp\www\ThinkPHP\Library\Think\Template.class.php 第 275 行.
NOTIC: [2] simplexml_load_string():                                                                                ^ F:\wamp\www\ThinkPHP\Library\Think\Template.class.php 第 275 行.
NOTIC: [2] simplexml_load_string(): Entity: line 19: parser error : Premature end of data in tag div line 2 F:\wamp\www\ThinkPHP\Library\Think\Template.class.php 第 275 行.
NOTIC: [2] simplexml_load_string():                 童老师THinkPHP第五季 大型商城项目开发&lt;br /&gt;&lt;/tpl&gt; F:\wamp\www\ThinkPHP\Library\Think\Template.class.php 第 275 行.
NOTIC: [2] simplexml_load_string():                                                                                ^ F:\wamp\www\ThinkPHP\Library\Think\Template.class.php 第 275 行.
NOTIC: [2] simplexml_load_string(): Entity: line 19: parser error : Premature end of data in tag tag line 1 F:\wamp\www\ThinkPHP\Library\Think\Template.class.php 第 275 行.
NOTIC: [2] simplexml_load_string():                 童老师THinkPHP第五季 大型商城项目开发&lt;br /&gt;&lt;/tpl&gt; F:\wamp\www\ThinkPHP\Library\Think\Template.class.php 第 275 行.
NOTIC: [2] simplexml_load_string():                                                                                ^ F:\wamp\www\ThinkPHP\Library\Think\Template.class.php 第 275 行.
NOTIC: [2] simplexml_load_string(): Entity: line 19: parser error : Premature end of data in tag tpl line 1 F:\wamp\www\ThinkPHP\Library\Think\Template.class.php 第 275 行.
NOTIC: [2] simplexml_load_string():                 童老师THinkPHP第五季 大型商城项目开发&lt;br /&gt;&lt;/tpl&gt; F:\wamp\www\ThinkPHP\Library\Think\Template.class.php 第 275 行.
NOTIC: [2] simplexml_load_string():                                                                                ^ F:\wamp\www\ThinkPHP\Library\Think\Template.class.php 第 275 行.
ERR: XML标签语法错误

[ 2017-04-18T22:10:48+08:00 ] ::1 /index.php/Admin/
INFO: [ app_init ] --START--
INFO: Run Behavior\BuildLiteBehavior [ RunTime:0.000038s ]
INFO: [ app_init ] --END-- [ RunTime:0.000742s ]
INFO: [ app_begin ] --START--
INFO: Run Behavior\ReadHtmlCacheBehavior [ RunTime:0.001424s ]
INFO: [ app_begin ] --END-- [ RunTime:0.001673s ]
INFO: [ view_parse ] --START--
INFO: [ template_filter ] --START--
INFO: Run Behavior\ContentReplaceBehavior [ RunTime:0.000202s ]
INFO: [ template_filter ] --END-- [ RunTime:0.000389s ]
INFO: Run Behavior\ParseTemplateBehavior [ RunTime:0.068214s ]
INFO: [ view_parse ] --END-- [ RunTime:0.068387s ]
INFO: [ view_filter ] --START--
INFO: Run Behavior\WriteHtmlCacheBehavior [ RunTime:0.014430s ]
INFO: [ view_filter ] --END-- [ RunTime:0.014677s ]
INFO: [ app_end ] --START--
INFO: Run Behavior\ShowPageTraceBehavior [ RunTime:0.010848s ]
INFO: [ app_end ] --END-- [ RunTime:0.011303s ]

[ 2017-04-18T22:11:23+08:00 ] ::1 /index.php/Admin/
INFO: [ app_init ] --START--
INFO: Run Behavior\BuildLiteBehavior [ RunTime:0.000075s ]
INFO: [ app_init ] --END-- [ RunTime:0.001298s ]
INFO: [ app_begin ] --START--
INFO: Run Behavior\ReadHtmlCacheBehavior [ RunTime:0.000810s ]
INFO: [ app_begin ] --END-- [ RunTime:0.001044s ]
INFO: [ view_parse ] --START--
INFO: [ template_filter ] --START--
INFO: Run Behavior\ContentReplaceBehavior [ RunTime:0.000309s ]
INFO: [ template_filter ] --END-- [ RunTime:0.000581s ]
INFO: Run Behavior\ParseTemplateBehavior [ RunTime:0.015710s ]
INFO: [ view_parse ] --END-- [ RunTime:0.016007s ]
INFO: [ view_filter ] --START--
INFO: Run Behavior\WriteHtmlCacheBehavior [ RunTime:0.000639s ]
INFO: [ view_filter ] --END-- [ RunTime:0.000871s ]
INFO: [ app_end ] --START--
INFO: Run Behavior\ShowPageTraceBehavior [ RunTime:0.001074s ]
INFO: [ app_end ] --END-- [ RunTime:0.001382s ]

[ 2017-04-18T22:12:55+08:00 ] ::1 /index.php/Admin/
INFO: [ app_init ] --START--
INFO: Run Behavior\BuildLiteBehavior [ RunTime:0.000070s ]
INFO: [ app_init ] --END-- [ RunTime:0.001049s ]
INFO: [ app_begin ] --START--
INFO: Run Behavior\ReadHtmlCacheBehavior [ RunTime:0.001110s ]
INFO: [ app_begin ] --END-- [ RunTime:0.001346s ]
INFO: [ view_parse ] --START--
INFO: [ template_filter ] --START--
INFO: Run Behavior\ContentReplaceBehavior [ RunTime:0.000204s ]
INFO: [ template_filter ] --END-- [ RunTime:0.000414s ]
INFO: Run Behavior\ParseTemplateBehavior [ RunTime:0.012969s ]
INFO: [ view_parse ] --END-- [ RunTime:0.013199s ]
INFO: [ view_filter ] --START--
INFO: Run Behavior\WriteHtmlCacheBehavior [ RunTime:0.000839s ]
INFO: [ view_filter ] --END-- [ RunTime:0.001003s ]
INFO: [ app_end ] --START--
INFO: Run Behavior\ShowPageTraceBehavior [ RunTime:0.001180s ]
INFO: [ app_end ] --END-- [ RunTime:0.001347s ]

[ 2017-04-18T22:12:56+08:00 ] ::1 /index.php/Admin/
INFO: [ app_init ] --START--
INFO: Run Behavior\BuildLiteBehavior [ RunTime:0.000035s ]
INFO: [ app_init ] --END-- [ RunTime:0.000878s ]
INFO: [ app_begin ] --START--
INFO: Run Behavior\ReadHtmlCacheBehavior [ RunTime:0.001218s ]
INFO: [ app_begin ] --END-- [ RunTime:0.001473s ]
INFO: [ view_parse ] --START--
INFO: [ template_filter ] --START--
INFO: Run Behavior\ContentReplaceBehavior [ RunTime:0.000210s ]
INFO: [ template_filter ] --END-- [ RunTime:0.000381s ]
INFO: Run Behavior\ParseTemplateBehavior [ RunTime:0.012438s ]
INFO: [ view_parse ] --END-- [ RunTime:0.012703s ]
INFO: [ view_filter ] --START--
INFO: Run Behavior\WriteHtmlCacheBehavior [ RunTime:0.000964s ]
INFO: [ view_filter ] --END-- [ RunTime:0.001182s ]
INFO: [ app_end ] --START--
INFO: Run Behavior\ShowPageTraceBehavior [ RunTime:0.001275s ]
INFO: [ app_end ] --END-- [ RunTime:0.001521s ]

[ 2017-04-18T22:13:07+08:00 ] ::1 /index.php/Admin/
INFO: [ app_init ] --START--
INFO: Run Behavior\BuildLiteBehavior [ RunTime:0.000038s ]
INFO: [ app_init ] --END-- [ RunTime:0.000782s ]
INFO: [ app_begin ] --START--
INFO: Run Behavior\ReadHtmlCacheBehavior [ RunTime:0.001165s ]
INFO: [ app_begin ] --END-- [ RunTime:0.001399s ]
INFO: [ view_parse ] --START--
INFO: [ template_filter ] --START--
INFO: Run Behavior\ContentReplaceBehavior [ RunTime:0.000223s ]
INFO: [ template_filter ] --END-- [ RunTime:0.000442s ]
INFO: Run Behavior\ParseTemplateBehavior [ RunTime:0.014107s ]
INFO: [ view_parse ] --END-- [ RunTime:0.014290s ]
INFO: [ view_filter ] --START--
INFO: Run Behavior\WriteHtmlCacheBehavior [ RunTime:0.000793s ]
INFO: [ view_filter ] --END-- [ RunTime:0.000989s ]
INFO: [ app_end ] --START--
INFO: Run Behavior\ShowPageTraceBehavior [ RunTime:0.001362s ]
INFO: [ app_end ] --END-- [ RunTime:0.001604s ]

