[ 2017-04-27T21:21:23+08:00 ] ::1 /index.php/Admin
INFO: [ app_init ] --START--
INFO: Run Behavior\BuildLiteBehavior [ RunTime:0.000045s ]
INFO: [ app_init ] --END-- [ RunTime:0.039301s ]
INFO: [ app_begin ] --START--
INFO: Run Behavior\ReadHtmlCacheBehavior [ RunTime:0.005974s ]
INFO: [ app_begin ] --END-- [ RunTime:0.006181s ]
INFO: [ view_parse ] --START--
INFO: [ template_filter ] --START--
INFO: Run Behavior\ContentReplaceBehavior [ RunTime:0.030344s ]
INFO: [ template_filter ] --END-- [ RunTime:0.030561s ]
NOTIC: [8] Undefined index: uname F:\wamp\www\Web\Runtime\Cache\Admin\391f8483e972cb01cf3587d26ac43e28.php 第 31 行.
NOTIC: [8] Undefined index: deparName F:\wamp\www\Web\Runtime\Cache\Admin\391f8483e972cb01cf3587d26ac43e28.php 第 32 行.
INFO: Run Behavior\ParseTemplateBehavior [ RunTime:0.171598s ]
INFO: [ view_parse ] --END-- [ RunTime:0.171789s ]
INFO: [ view_filter ] --START--
INFO: Run Behavior\WriteHtmlCacheBehavior [ RunTime:0.014313s ]
INFO: [ view_filter ] --END-- [ RunTime:0.014548s ]
INFO: [ app_end ] --START--
INFO: Run Behavior\ShowPageTraceBehavior [ RunTime:0.010659s ]
INFO: [ app_end ] --END-- [ RunTime:0.010976s ]

[ 2017-04-27T21:21:33+08:00 ] ::1 /index.php/Admin/System/index.html
INFO: [ app_init ] --START--
INFO: Run Behavior\BuildLiteBehavior [ RunTime:0.000066s ]
INFO: [ app_init ] --END-- [ RunTime:0.000802s ]
INFO: [ app_begin ] --START--
INFO: Run Behavior\ReadHtmlCacheBehavior [ RunTime:0.001232s ]
INFO: [ app_begin ] --END-- [ RunTime:0.001567s ]
ERR: 无法加载控制器:System

[ 2017-04-27T21:21:54+08:00 ] ::1 /index.php/Admin/Type/index.html
INFO: [ app_init ] --START--
INFO: Run Behavior\BuildLiteBehavior [ RunTime:0.000071s ]
INFO: [ app_init ] --END-- [ RunTime:0.001066s ]
INFO: [ app_begin ] --START--
INFO: Run Behavior\ReadHtmlCacheBehavior [ RunTime:0.000982s ]
INFO: [ app_begin ] --END-- [ RunTime:0.001216s ]
SQL: SHOW COLUMNS FROM `s_type` [ RunTime:0.0744s ]
SQL: SELECT * FROM `s_type`  [ RunTime:0.0201s ]
INFO: [ view_parse ] --START--
INFO: [ template_filter ] --START--
INFO: Run Behavior\ContentReplaceBehavior [ RunTime:0.000370s ]
INFO: [ template_filter ] --END-- [ RunTime:0.000688s ]
NOTIC: [8] Undefined variable: page F:\wamp\www\Web\Runtime\Cache\Admin\e5953d4fb385ba103c0b532d795a85db.php 第 48 行.
INFO: Run Behavior\ParseTemplateBehavior [ RunTime:0.058948s ]
INFO: [ view_parse ] --END-- [ RunTime:0.059219s ]
INFO: [ view_filter ] --START--
INFO: Run Behavior\WriteHtmlCacheBehavior [ RunTime:0.000981s ]
INFO: [ view_filter ] --END-- [ RunTime:0.001261s ]
INFO: [ app_end ] --START--
INFO: Run Behavior\ShowPageTraceBehavior [ RunTime:0.000890s ]
INFO: [ app_end ] --END-- [ RunTime:0.001100s ]

[ 2017-04-27T21:26:08+08:00 ] ::1 /index.php/Admin/Goods/index.html
INFO: [ app_init ] --START--
INFO: Run Behavior\BuildLiteBehavior [ RunTime:0.000072s ]
INFO: [ app_init ] --END-- [ RunTime:0.001261s ]
INFO: [ app_begin ] --START--
INFO: Run Behavior\ReadHtmlCacheBehavior [ RunTime:0.001237s ]
INFO: [ app_begin ] --END-- [ RunTime:0.001626s ]
SQL: SHOW COLUMNS FROM `s_goods` [ RunTime:0.0500s ]
SQL: SHOW COLUMNS FROM `s_cate` [ RunTime:0.0083s ]
SQL: SHOW COLUMNS FROM `s_brand` [ RunTime:0.0078s ]
SQL: SELECT COUNT(*) AS tp_count FROM s_goods Goods  JOIN s_cate Cate ON Goods.cate_id = Cate.id LEFT JOIN s_brand Brand ON Goods.brand_id = Brand.id LIMIT 1   [ RunTime:0.1429s ]
SQL: SELECT Goods.id AS id,Goods.goods_name AS goods_name,Goods.sm_thumb AS sm_thumb,Goods.market_price AS market_price,Goods.shop_price AS shop_price,Goods.onsale AS onsale,Goods.cate_id AS cate_id,Goods.brand_id AS brand_id,Cate.name AS name,Brand.brand_name AS brand_name FROM s_goods Goods  JOIN s_cate Cate ON Goods.cate_id = Cate.id LEFT JOIN s_brand Brand ON Goods.brand_id = Brand.id ORDER BY Goods.id desc LIMIT 0,10   [ RunTime:0.0566s ]
INFO: [ view_parse ] --START--
INFO: [ template_filter ] --START--
INFO: Run Behavior\ContentReplaceBehavior [ RunTime:0.000255s ]
INFO: [ template_filter ] --END-- [ RunTime:0.000560s ]
NOTIC: [8] Undefined variable: tree F:\wamp\www\Web\Runtime\Cache\Admin\6cc776b4e308e5e42c7a195a2c83b98e.php 第 50 行.
NOTIC: [8] Undefined variable: tree F:\wamp\www\Web\Runtime\Cache\Admin\6cc776b4e308e5e42c7a195a2c83b98e.php 第 50 行.
NOTIC: [8] Undefined variable: tree F:\wamp\www\Web\Runtime\Cache\Admin\6cc776b4e308e5e42c7a195a2c83b98e.php 第 50 行.
NOTIC: [8] Undefined variable: tree F:\wamp\www\Web\Runtime\Cache\Admin\6cc776b4e308e5e42c7a195a2c83b98e.php 第 50 行.
INFO: Run Behavior\ParseTemplateBehavior [ RunTime:0.095484s ]
INFO: [ view_parse ] --END-- [ RunTime:0.095815s ]
INFO: [ view_filter ] --START--
INFO: Run Behavior\WriteHtmlCacheBehavior [ RunTime:0.001064s ]
INFO: [ view_filter ] --END-- [ RunTime:0.001441s ]
INFO: [ app_end ] --START--
INFO: Run Behavior\ShowPageTraceBehavior [ RunTime:0.001049s ]
INFO: [ app_end ] --END-- [ RunTime:0.001573s ]

[ 2017-04-27T21:26:09+08:00 ] ::1 /index.php/Admin/Brand/index.html
INFO: [ app_init ] --START--
INFO: Run Behavior\BuildLiteBehavior [ RunTime:0.000066s ]
INFO: [ app_init ] --END-- [ RunTime:0.001381s ]
INFO: [ app_begin ] --START--
INFO: Run Behavior\ReadHtmlCacheBehavior [ RunTime:0.001026s ]
INFO: [ app_begin ] --END-- [ RunTime:0.001351s ]
SQL: SHOW COLUMNS FROM `s_brand` [ RunTime:0.0076s ]
SQL: SELECT * FROM `s_brand`  [ RunTime:0.0009s ]
INFO: [ view_parse ] --START--
INFO: [ template_filter ] --START--
INFO: Run Behavior\ContentReplaceBehavior [ RunTime:0.000158s ]
INFO: [ template_filter ] --END-- [ RunTime:0.000394s ]
NOTIC: [8] Undefined variable: page F:\wamp\www\Web\Runtime\Cache\Admin\d53414b646fde886d459cf04ccf55091.php 第 52 行.
INFO: Run Behavior\ParseTemplateBehavior [ RunTime:0.060277s ]
INFO: [ view_parse ] --END-- [ RunTime:0.060666s ]
INFO: [ view_filter ] --START--
INFO: Run Behavior\WriteHtmlCacheBehavior [ RunTime:0.000694s ]
INFO: [ view_filter ] --END-- [ RunTime:0.000908s ]
INFO: [ app_end ] --START--
INFO: Run Behavior\ShowPageTraceBehavior [ RunTime:0.000905s ]
INFO: [ app_end ] --END-- [ RunTime:0.001168s ]

[ 2017-04-27T21:26:11+08:00 ] ::1 /index.php/Admin/Cate/index.html
INFO: [ app_init ] --START--
INFO: Run Behavior\BuildLiteBehavior [ RunTime:0.000065s ]
INFO: [ app_init ] --END-- [ RunTime:0.001254s ]
INFO: [ app_begin ] --START--
INFO: Run Behavior\ReadHtmlCacheBehavior [ RunTime:0.001290s ]
INFO: [ app_begin ] --END-- [ RunTime:0.001680s ]
SQL: SHOW COLUMNS FROM `s_cate` [ RunTime:0.0087s ]
SQL: SELECT * FROM `s_cate` ORDER BY id desc  [ RunTime:0.0011s ]
INFO: [ view_parse ] --START--
INFO: [ template_filter ] --START--
INFO: Run Behavior\ContentReplaceBehavior [ RunTime:0.000292s ]
INFO: [ template_filter ] --END-- [ RunTime:0.000608s ]
NOTIC: [8] Undefined variable: page F:\wamp\www\Web\Runtime\Cache\Admin\0df82035272bba64d5bfc3e56f0489ae.php 第 46 行.
INFO: Run Behavior\ParseTemplateBehavior [ RunTime:0.033242s ]
INFO: [ view_parse ] --END-- [ RunTime:0.033546s ]
INFO: [ view_filter ] --START--
INFO: Run Behavior\WriteHtmlCacheBehavior [ RunTime:0.000828s ]
INFO: [ view_filter ] --END-- [ RunTime:0.001175s ]
INFO: [ app_end ] --START--
INFO: Run Behavior\ShowPageTraceBehavior [ RunTime:0.001832s ]
INFO: [ app_end ] --END-- [ RunTime:0.002233s ]

[ 2017-04-27T21:26:13+08:00 ] ::1 /index.php/Admin/Cate/index.html
INFO: [ app_init ] --START--
INFO: Run Behavior\BuildLiteBehavior [ RunTime:0.000082s ]
INFO: [ app_init ] --END-- [ RunTime:0.001392s ]
INFO: [ app_begin ] --START--
INFO: Run Behavior\ReadHtmlCacheBehavior [ RunTime:0.001095s ]
INFO: [ app_begin ] --END-- [ RunTime:0.001470s ]
SQL: SHOW COLUMNS FROM `s_cate` [ RunTime:0.0088s ]
SQL: SELECT * FROM `s_cate` ORDER BY id desc  [ RunTime:0.0011s ]
INFO: [ view_parse ] --START--
INFO: [ template_filter ] --START--
INFO: Run Behavior\ContentReplaceBehavior [ RunTime:0.000503s ]
INFO: [ template_filter ] --END-- [ RunTime:0.000879s ]
NOTIC: [8] Undefined variable: page F:\wamp\www\Web\Runtime\Cache\Admin\0df82035272bba64d5bfc3e56f0489ae.php 第 46 行.
INFO: Run Behavior\ParseTemplateBehavior [ RunTime:0.047524s ]
INFO: [ view_parse ] --END-- [ RunTime:0.048228s ]
INFO: [ view_filter ] --START--
INFO: Run Behavior\WriteHtmlCacheBehavior [ RunTime:0.000913s ]
INFO: [ view_filter ] --END-- [ RunTime:0.001260s ]
INFO: [ app_end ] --START--
INFO: Run Behavior\ShowPageTraceBehavior [ RunTime:0.001046s ]
INFO: [ app_end ] --END-- [ RunTime:0.001268s ]

[ 2017-04-27T21:26:16+08:00 ] ::1 /index.php/Admin/Cate/index.html
INFO: [ app_init ] --START--
INFO: Run Behavior\BuildLiteBehavior [ RunTime:0.000068s ]
INFO: [ app_init ] --END-- [ RunTime:0.001046s ]
INFO: [ app_begin ] --START--
INFO: Run Behavior\ReadHtmlCacheBehavior [ RunTime:0.001409s ]
INFO: [ app_begin ] --END-- [ RunTime:0.001802s ]
SQL: SHOW COLUMNS FROM `s_cate` [ RunTime:0.0096s ]
SQL: SELECT * FROM `s_cate` ORDER BY id desc  [ RunTime:0.0010s ]
INFO: [ view_parse ] --START--
INFO: [ template_filter ] --START--
INFO: Run Behavior\ContentReplaceBehavior [ RunTime:0.000177s ]
INFO: [ template_filter ] --END-- [ RunTime:0.000358s ]
NOTIC: [8] Undefined variable: page F:\wamp\www\Web\Runtime\Cache\Admin\0df82035272bba64d5bfc3e56f0489ae.php 第 46 行.
INFO: Run Behavior\ParseTemplateBehavior [ RunTime:0.017298s ]
INFO: [ view_parse ] --END-- [ RunTime:0.017584s ]
INFO: [ view_filter ] --START--
INFO: Run Behavior\WriteHtmlCacheBehavior [ RunTime:0.000825s ]
INFO: [ view_filter ] --END-- [ RunTime:0.001053s ]
INFO: [ app_end ] --START--
INFO: Run Behavior\ShowPageTraceBehavior [ RunTime:0.000818s ]
INFO: [ app_end ] --END-- [ RunTime:0.001002s ]

[ 2017-04-27T21:26:18+08:00 ] ::1 /index.php/Admin/MemberLevel/index.html
INFO: [ app_init ] --START--
INFO: Run Behavior\BuildLiteBehavior [ RunTime:0.000044s ]
INFO: [ app_init ] --END-- [ RunTime:0.000812s ]
INFO: [ app_begin ] --START--
INFO: Run Behavior\ReadHtmlCacheBehavior [ RunTime:0.001134s ]
INFO: [ app_begin ] --END-- [ RunTime:0.001399s ]
SQL: SHOW COLUMNS FROM `s_member_level` [ RunTime:0.0090s ]
SQL: SELECT * FROM `s_member_level`  [ RunTime:0.0010s ]
INFO: [ view_parse ] --START--
INFO: [ template_filter ] --START--
INFO: Run Behavior\ContentReplaceBehavior [ RunTime:0.000195s ]
INFO: [ template_filter ] --END-- [ RunTime:0.000376s ]
NOTIC: [8] Undefined variable: page F:\wamp\www\Web\Runtime\Cache\Admin\951cdfd972e6e111dd41aca502eff101.php 第 54 行.
INFO: Run Behavior\ParseTemplateBehavior [ RunTime:0.058161s ]
INFO: [ view_parse ] --END-- [ RunTime:0.058431s ]
INFO: [ view_filter ] --START--
INFO: Run Behavior\WriteHtmlCacheBehavior [ RunTime:0.000684s ]
INFO: [ view_filter ] --END-- [ RunTime:0.000915s ]
INFO: [ app_end ] --START--
INFO: Run Behavior\ShowPageTraceBehavior [ RunTime:0.001255s ]
INFO: [ app_end ] --END-- [ RunTime:0.001785s ]

[ 2017-04-27T21:26:21+08:00 ] ::1 /index.php/Admin/MemberLevel/index.html
INFO: [ app_init ] --START--
INFO: Run Behavior\BuildLiteBehavior [ RunTime:0.000070s ]
INFO: [ app_init ] --END-- [ RunTime:0.000976s ]
INFO: [ app_begin ] --START--
INFO: Run Behavior\ReadHtmlCacheBehavior [ RunTime:0.001188s ]
INFO: [ app_begin ] --END-- [ RunTime:0.001559s ]
SQL: SHOW COLUMNS FROM `s_member_level` [ RunTime:0.0095s ]
SQL: SELECT * FROM `s_member_level`  [ RunTime:0.0007s ]
INFO: [ view_parse ] --START--
INFO: [ template_filter ] --START--
INFO: Run Behavior\ContentReplaceBehavior [ RunTime:0.000240s ]
INFO: [ template_filter ] --END-- [ RunTime:0.000555s ]
NOTIC: [8] Undefined variable: page F:\wamp\www\Web\Runtime\Cache\Admin\951cdfd972e6e111dd41aca502eff101.php 第 54 行.
INFO: Run Behavior\ParseTemplateBehavior [ RunTime:0.018579s ]
INFO: [ view_parse ] --END-- [ RunTime:0.018937s ]
INFO: [ view_filter ] --START--
INFO: Run Behavior\WriteHtmlCacheBehavior [ RunTime:0.001044s ]
INFO: [ view_filter ] --END-- [ RunTime:0.001412s ]
INFO: [ app_end ] --START--
INFO: Run Behavior\ShowPageTraceBehavior [ RunTime:0.001367s ]
INFO: [ app_end ] --END-- [ RunTime:0.001720s ]

[ 2017-04-27T21:26:29+08:00 ] ::1 /index.php/Admin/Type/index.html
INFO: [ app_init ] --START--
INFO: Run Behavior\BuildLiteBehavior [ RunTime:0.000074s ]
INFO: [ app_init ] --END-- [ RunTime:0.000955s ]
INFO: [ app_begin ] --START--
INFO: Run Behavior\ReadHtmlCacheBehavior [ RunTime:0.001123s ]
INFO: [ app_begin ] --END-- [ RunTime:0.001384s ]
SQL: SHOW COLUMNS FROM `s_type` [ RunTime:0.0087s ]
SQL: SELECT * FROM `s_type`  [ RunTime:0.0007s ]
INFO: [ view_parse ] --START--
INFO: [ template_filter ] --START--
INFO: Run Behavior\ContentReplaceBehavior [ RunTime:0.000316s ]
INFO: [ template_filter ] --END-- [ RunTime:0.000760s ]
NOTIC: [8] Undefined variable: page F:\wamp\www\Web\Runtime\Cache\Admin\e5953d4fb385ba103c0b532d795a85db.php 第 48 行.
INFO: Run Behavior\ParseTemplateBehavior [ RunTime:0.017313s ]
INFO: [ view_parse ] --END-- [ RunTime:0.017648s ]
INFO: [ view_filter ] --START--
INFO: Run Behavior\WriteHtmlCacheBehavior [ RunTime:0.000809s ]
INFO: [ view_filter ] --END-- [ RunTime:0.001111s ]
INFO: [ app_end ] --START--
INFO: Run Behavior\ShowPageTraceBehavior [ RunTime:0.001653s ]
INFO: [ app_end ] --END-- [ RunTime:0.002064s ]

[ 2017-04-27T21:26:35+08:00 ] ::1 /index.php/Admin/Type/add
INFO: [ app_init ] --START--
INFO: Run Behavior\BuildLiteBehavior [ RunTime:0.000036s ]
INFO: [ app_init ] --END-- [ RunTime:0.000771s ]
INFO: [ app_begin ] --START--
INFO: Run Behavior\ReadHtmlCacheBehavior [ RunTime:0.000713s ]
INFO: [ app_begin ] --END-- [ RunTime:0.000877s ]
SQL: SHOW COLUMNS FROM `s_type` [ RunTime:0.0055s ]
INFO: [ view_parse ] --START--
INFO: [ template_filter ] --START--
INFO: Run Behavior\ContentReplaceBehavior [ RunTime:0.000131s ]
INFO: [ template_filter ] --END-- [ RunTime:0.000318s ]
INFO: Run Behavior\ParseTemplateBehavior [ RunTime:0.037358s ]
INFO: [ view_parse ] --END-- [ RunTime:0.037538s ]
INFO: [ view_filter ] --START--
INFO: Run Behavior\WriteHtmlCacheBehavior [ RunTime:0.000517s ]
INFO: [ view_filter ] --END-- [ RunTime:0.000664s ]
INFO: [ app_end ] --START--
INFO: Run Behavior\ShowPageTraceBehavior [ RunTime:0.000671s ]
INFO: [ app_end ] --END-- [ RunTime:0.000827s ]

[ 2017-04-27T21:26:36+08:00 ] ::1 /index.php/Admin/Type/index.html
INFO: [ app_init ] --START--
INFO: Run Behavior\BuildLiteBehavior [ RunTime:0.000090s ]
INFO: [ app_init ] --END-- [ RunTime:0.001204s ]
INFO: [ app_begin ] --START--
INFO: Run Behavior\ReadHtmlCacheBehavior [ RunTime:0.001099s ]
INFO: [ app_begin ] --END-- [ RunTime:0.001418s ]
SQL: SHOW COLUMNS FROM `s_type` [ RunTime:0.0071s ]
SQL: SELECT * FROM `s_type`  [ RunTime:0.0006s ]
INFO: [ view_parse ] --START--
INFO: [ template_filter ] --START--
INFO: Run Behavior\ContentReplaceBehavior [ RunTime:0.000237s ]
INFO: [ template_filter ] --END-- [ RunTime:0.000563s ]
NOTIC: [8] Undefined variable: page F:\wamp\www\Web\Runtime\Cache\Admin\e5953d4fb385ba103c0b532d795a85db.php 第 48 行.
INFO: Run Behavior\ParseTemplateBehavior [ RunTime:0.018843s ]
INFO: [ view_parse ] --END-- [ RunTime:0.019108s ]
INFO: [ view_filter ] --START--
INFO: Run Behavior\WriteHtmlCacheBehavior [ RunTime:0.001219s ]
INFO: [ view_filter ] --END-- [ RunTime:0.001560s ]
INFO: [ app_end ] --START--
INFO: Run Behavior\ShowPageTraceBehavior [ RunTime:0.001753s ]
INFO: [ app_end ] --END-- [ RunTime:0.002122s ]

[ 2017-04-27T21:28:02+08:00 ] ::1 /index.php/Admin/Type/edit/id/1
INFO: [ app_init ] --START--
INFO: Run Behavior\BuildLiteBehavior [ RunTime:0.000036s ]
INFO: [ app_init ] --END-- [ RunTime:0.000622s ]
INFO: [ app_begin ] --START--
INFO: Run Behavior\ReadHtmlCacheBehavior [ RunTime:0.000863s ]
INFO: [ app_begin ] --END-- [ RunTime:0.001103s ]
INFO: [ view_parse ] --START--
INFO: [ template_filter ] --START--
INFO: Run Behavior\ContentReplaceBehavior [ RunTime:0.000127s ]
INFO: [ template_filter ] --END-- [ RunTime:0.000299s ]
NOTIC: [8] Undefined variable: cates F:\wamp\www\Web\Runtime\Cache\Admin\0fe0cee69826b8293ea377fe36094655.php 第 14 行.
NOTIC: [8] Undefined variable: cates F:\wamp\www\Web\Runtime\Cache\Admin\0fe0cee69826b8293ea377fe36094655.php 第 18 行.
NOTIC: [8] Undefined variable: cate F:\wamp\www\Web\Runtime\Cache\Admin\0fe0cee69826b8293ea377fe36094655.php 第 26 行.
INFO: Run Behavior\ParseTemplateBehavior [ RunTime:0.048591s ]
INFO: [ view_parse ] --END-- [ RunTime:0.048809s ]
INFO: [ view_filter ] --START--
INFO: Run Behavior\WriteHtmlCacheBehavior [ RunTime:0.000689s ]
INFO: [ view_filter ] --END-- [ RunTime:0.000840s ]
INFO: [ app_end ] --START--
INFO: Run Behavior\ShowPageTraceBehavior [ RunTime:0.000797s ]
INFO: [ app_end ] --END-- [ RunTime:0.000949s ]

[ 2017-04-27T21:28:12+08:00 ] ::1 /index.php/Admin/Type/index.html
INFO: [ app_init ] --START--
INFO: Run Behavior\BuildLiteBehavior [ RunTime:0.000132s ]
INFO: [ app_init ] --END-- [ RunTime:0.001386s ]
INFO: [ app_begin ] --START--
INFO: Run Behavior\ReadHtmlCacheBehavior [ RunTime:0.002664s ]
INFO: [ app_begin ] --END-- [ RunTime:0.003096s ]
SQL: SHOW COLUMNS FROM `s_type` [ RunTime:0.0066s ]
SQL: SELECT * FROM `s_type`  [ RunTime:0.0006s ]
INFO: [ view_parse ] --START--
INFO: [ template_filter ] --START--
INFO: Run Behavior\ContentReplaceBehavior [ RunTime:0.000146s ]
INFO: [ template_filter ] --END-- [ RunTime:0.000346s ]
NOTIC: [8] Undefined variable: page F:\wamp\www\Web\Runtime\Cache\Admin\e5953d4fb385ba103c0b532d795a85db.php 第 48 行.
INFO: Run Behavior\ParseTemplateBehavior [ RunTime:0.016624s ]
INFO: [ view_parse ] --END-- [ RunTime:0.016815s ]
INFO: [ view_filter ] --START--
INFO: Run Behavior\WriteHtmlCacheBehavior [ RunTime:0.000986s ]
INFO: [ view_filter ] --END-- [ RunTime:0.001264s ]
INFO: [ app_end ] --START--
INFO: Run Behavior\ShowPageTraceBehavior [ RunTime:0.001780s ]
INFO: [ app_end ] --END-- [ RunTime:0.002093s ]

[ 2017-04-27T21:35:14+08:00 ] ::1 /index.php/Admin/Type/index.html
INFO: [ app_init ] --START--
INFO: Run Behavior\BuildLiteBehavior [ RunTime:0.000038s ]
INFO: [ app_init ] --END-- [ RunTime:0.000963s ]
INFO: [ app_begin ] --START--
INFO: Run Behavior\ReadHtmlCacheBehavior [ RunTime:0.001737s ]
INFO: [ app_begin ] --END-- [ RunTime:0.001934s ]
SQL: SHOW COLUMNS FROM `s_type` [ RunTime:0.0057s ]
SQL: SELECT * FROM `s_type`  [ RunTime:0.0005s ]
INFO: [ view_parse ] --START--
INFO: [ template_filter ] --START--
INFO: Run Behavior\ContentReplaceBehavior [ RunTime:0.000234s ]
INFO: [ template_filter ] --END-- [ RunTime:0.000583s ]
NOTIC: [8] Undefined variable: page F:\wamp\www\Web\Runtime\Cache\Admin\e5953d4fb385ba103c0b532d795a85db.php 第 49 行.
INFO: Run Behavior\ParseTemplateBehavior [ RunTime:0.016790s ]
INFO: [ view_parse ] --END-- [ RunTime:0.016963s ]
INFO: [ view_filter ] --START--
INFO: Run Behavior\WriteHtmlCacheBehavior [ RunTime:0.001075s ]
INFO: [ view_filter ] --END-- [ RunTime:0.001229s ]
INFO: [ app_end ] --START--
INFO: Run Behavior\ShowPageTraceBehavior [ RunTime:0.001237s ]
INFO: [ app_end ] --END-- [ RunTime:0.001401s ]

[ 2017-04-27T21:35:15+08:00 ] ::1 /index.php/Admin/Attr/index/id/1
INFO: [ app_init ] --START--
INFO: Run Behavior\BuildLiteBehavior [ RunTime:0.000038s ]
INFO: [ app_init ] --END-- [ RunTime:0.000915s ]
INFO: [ app_begin ] --START--
INFO: Run Behavior\ReadHtmlCacheBehavior [ RunTime:0.001435s ]
INFO: [ app_begin ] --END-- [ RunTime:0.001664s ]
ERR: 无法加载控制器:Attr

[ 2017-04-27T21:35:47+08:00 ] ::1 /index.php/Admin/Type/index.html
INFO: [ app_init ] --START--
INFO: Run Behavior\BuildLiteBehavior [ RunTime:0.000037s ]
INFO: [ app_init ] --END-- [ RunTime:0.000858s ]
INFO: [ app_begin ] --START--
INFO: Run Behavior\ReadHtmlCacheBehavior [ RunTime:0.001098s ]
INFO: [ app_begin ] --END-- [ RunTime:0.001282s ]
SQL: SHOW COLUMNS FROM `s_type` [ RunTime:0.0062s ]
SQL: SELECT * FROM `s_type`  [ RunTime:0.0005s ]
INFO: [ view_parse ] --START--
INFO: [ template_filter ] --START--
INFO: Run Behavior\ContentReplaceBehavior [ RunTime:0.000186s ]
INFO: [ template_filter ] --END-- [ RunTime:0.000412s ]
NOTIC: [8] Undefined variable: page F:\wamp\www\Web\Runtime\Cache\Admin\e5953d4fb385ba103c0b532d795a85db.php 第 49 行.
INFO: Run Behavior\ParseTemplateBehavior [ RunTime:0.014643s ]
INFO: [ view_parse ] --END-- [ RunTime:0.014869s ]
INFO: [ view_filter ] --START--
INFO: Run Behavior\WriteHtmlCacheBehavior [ RunTime:0.000817s ]
INFO: [ view_filter ] --END-- [ RunTime:0.000973s ]
INFO: [ app_end ] --START--
INFO: Run Behavior\ShowPageTraceBehavior [ RunTime:0.000960s ]
INFO: [ app_end ] --END-- [ RunTime:0.001171s ]

[ 2017-04-27T21:35:48+08:00 ] ::1 /index.php/Admin/Attr/index/id/1
INFO: [ app_init ] --START--
INFO: Run Behavior\BuildLiteBehavior [ RunTime:0.000037s ]
INFO: [ app_init ] --END-- [ RunTime:0.000777s ]
INFO: [ app_begin ] --START--
INFO: Run Behavior\ReadHtmlCacheBehavior [ RunTime:0.001311s ]
INFO: [ app_begin ] --END-- [ RunTime:0.001525s ]
SQL: SHOW COLUMNS FROM `s_attr` [ RunTime:0.0064s ]
SQL: SELECT * FROM `s_attr` WHERE `type_id` = 1  [ RunTime:0.0427s ]
INFO: [ view_parse ] --START--
INFO: [ template_filter ] --START--
INFO: Run Behavior\ContentReplaceBehavior [ RunTime:0.000141s ]
INFO: [ template_filter ] --END-- [ RunTime:0.000319s ]
NOTIC: [8] Undefined variable: page F:\wamp\www\Web\Runtime\Cache\Admin\b6958da4a055485b7380bb43ed67b4a0.php 第 49 行.
INFO: Run Behavior\ParseTemplateBehavior [ RunTime:0.014073s ]
INFO: [ view_parse ] --END-- [ RunTime:0.014237s ]
INFO: [ view_filter ] --START--
INFO: Run Behavior\WriteHtmlCacheBehavior [ RunTime:0.001013s ]
INFO: [ view_filter ] --END-- [ RunTime:0.001160s ]
INFO: [ app_end ] --START--
INFO: Run Behavior\ShowPageTraceBehavior [ RunTime:0.001226s ]
INFO: [ app_end ] --END-- [ RunTime:0.001379s ]

[ 2017-04-27T21:47:21+08:00 ] ::1 /index.php/Admin/Type/index.html
INFO: [ app_init ] --START--
INFO: Run Behavior\BuildLiteBehavior [ RunTime:0.000069s ]
INFO: [ app_init ] --END-- [ RunTime:0.001165s ]
INFO: [ app_begin ] --START--
INFO: Run Behavior\ReadHtmlCacheBehavior [ RunTime:0.001848s ]
INFO: [ app_begin ] --END-- [ RunTime:0.002207s ]
SQL: SHOW COLUMNS FROM `s_type` [ RunTime:0.0082s ]
SQL: SELECT * FROM `s_type`  [ RunTime:0.0011s ]
INFO: [ view_parse ] --START--
INFO: [ template_filter ] --START--
INFO: Run Behavior\ContentReplaceBehavior [ RunTime:0.000382s ]
INFO: [ template_filter ] --END-- [ RunTime:0.000852s ]
NOTIC: [8] Undefined variable: page F:\wamp\www\Web\Runtime\Cache\Admin\e5953d4fb385ba103c0b532d795a85db.php 第 49 行.
INFO: Run Behavior\ParseTemplateBehavior [ RunTime:0.068291s ]
INFO: [ view_parse ] --END-- [ RunTime:0.068669s ]
INFO: [ view_filter ] --START--
INFO: Run Behavior\WriteHtmlCacheBehavior [ RunTime:0.002250s ]
INFO: [ view_filter ] --END-- [ RunTime:0.002586s ]
INFO: [ app_end ] --START--
INFO: Run Behavior\ShowPageTraceBehavior [ RunTime:0.003172s ]
INFO: [ app_end ] --END-- [ RunTime:0.003561s ]

[ 2017-04-27T21:47:23+08:00 ] ::1 /index.php/Admin/Attr/index/id/1
INFO: [ app_init ] --START--
INFO: Run Behavior\BuildLiteBehavior [ RunTime:0.000036s ]
INFO: [ app_init ] --END-- [ RunTime:0.000727s ]
INFO: [ app_begin ] --START--
INFO: Run Behavior\ReadHtmlCacheBehavior [ RunTime:0.001026s ]
INFO: [ app_begin ] --END-- [ RunTime:0.001192s ]
SQL: SHOW COLUMNS FROM `s_attr` [ RunTime:0.0059s ]
SQL: SELECT * FROM `s_attr` WHERE `type_id` = 1  [ RunTime:0.0004s ]
INFO: [ view_parse ] --START--
INFO: [ template_filter ] --START--
INFO: Run Behavior\ContentReplaceBehavior [ RunTime:0.000142s ]
INFO: [ template_filter ] --END-- [ RunTime:0.000318s ]
NOTIC: [8] Undefined variable: page F:\wamp\www\Web\Runtime\Cache\Admin\b6958da4a055485b7380bb43ed67b4a0.php 第 49 行.
INFO: Run Behavior\ParseTemplateBehavior [ RunTime:0.014632s ]
INFO: [ view_parse ] --END-- [ RunTime:0.014966s ]
INFO: [ view_filter ] --START--
INFO: Run Behavior\WriteHtmlCacheBehavior [ RunTime:0.001113s ]
INFO: [ view_filter ] --END-- [ RunTime:0.001319s ]
INFO: [ app_end ] --START--
INFO: Run Behavior\ShowPageTraceBehavior [ RunTime:0.001150s ]
INFO: [ app_end ] --END-- [ RunTime:0.001309s ]

[ 2017-04-27T21:47:24+08:00 ] ::1 /index.php/Admin/Attr/add/id/1
INFO: [ app_init ] --START--
INFO: Run Behavior\BuildLiteBehavior [ RunTime:0.000043s ]
INFO: [ app_init ] --END-- [ RunTime:0.000879s ]
INFO: [ app_begin ] --START--
INFO: Run Behavior\ReadHtmlCacheBehavior [ RunTime:0.001076s ]
INFO: [ app_begin ] --END-- [ RunTime:0.001249s ]
INFO: [ app_end ] --START--
INFO: Run Behavior\ShowPageTraceBehavior [ RunTime:0.001199s ]
INFO: [ app_end ] --END-- [ RunTime:0.001357s ]

[ 2017-04-27T21:47:29+08:00 ] ::1 /index.php/Admin/Attr/add/id/1
INFO: [ app_init ] --START--
INFO: Run Behavior\BuildLiteBehavior [ RunTime:0.000037s ]
INFO: [ app_init ] --END-- [ RunTime:0.000710s ]
INFO: [ app_begin ] --START--
INFO: Run Behavior\ReadHtmlCacheBehavior [ RunTime:0.001082s ]
INFO: [ app_begin ] --END-- [ RunTime:0.001270s ]
INFO: [ app_end ] --START--
INFO: Run Behavior\ShowPageTraceBehavior [ RunTime:0.001378s ]
INFO: [ app_end ] --END-- [ RunTime:0.001666s ]

[ 2017-04-27T21:47:50+08:00 ] ::1 /index.php/Admin/Attr/add/id/1
INFO: [ app_init ] --START--
INFO: Run Behavior\BuildLiteBehavior [ RunTime:0.000059s ]
INFO: [ app_init ] --END-- [ RunTime:0.000875s ]
INFO: [ app_begin ] --START--
INFO: Run Behavior\ReadHtmlCacheBehavior [ RunTime:0.001348s ]
INFO: [ app_begin ] --END-- [ RunTime:0.001542s ]
INFO: [ view_parse ] --START--
INFO: [ template_filter ] --START--
INFO: Run Behavior\ContentReplaceBehavior [ RunTime:0.000278s ]
INFO: [ template_filter ] --END-- [ RunTime:0.000478s ]
INFO: Run Behavior\ParseTemplateBehavior [ RunTime:0.011162s ]
INFO: [ view_parse ] --END-- [ RunTime:0.011412s ]
INFO: [ view_filter ] --START--
INFO: Run Behavior\WriteHtmlCacheBehavior [ RunTime:0.001111s ]
INFO: [ view_filter ] --END-- [ RunTime:0.001362s ]
INFO: [ app_end ] --START--
INFO: Run Behavior\ShowPageTraceBehavior [ RunTime:0.001174s ]
INFO: [ app_end ] --END-- [ RunTime:0.001401s ]

[ 2017-04-27T21:47:56+08:00 ] ::1 /index.php/Admin/Type/index.html
INFO: [ app_init ] --START--
INFO: Run Behavior\BuildLiteBehavior [ RunTime:0.000059s ]
INFO: [ app_init ] --END-- [ RunTime:0.001045s ]
INFO: [ app_begin ] --START--
INFO: Run Behavior\ReadHtmlCacheBehavior [ RunTime:0.003238s ]
INFO: [ app_begin ] --END-- [ RunTime:0.003692s ]
SQL: SHOW COLUMNS FROM `s_type` [ RunTime:0.0082s ]
SQL: SELECT * FROM `s_type`  [ RunTime:0.0007s ]
INFO: [ view_parse ] --START--
INFO: [ template_filter ] --START--
INFO: Run Behavior\ContentReplaceBehavior [ RunTime:0.000234s ]
INFO: [ template_filter ] --END-- [ RunTime:0.000573s ]
NOTIC: [8] Undefined variable: page F:\wamp\www\Web\Runtime\Cache\Admin\e5953d4fb385ba103c0b532d795a85db.php 第 49 行.
INFO: Run Behavior\ParseTemplateBehavior [ RunTime:0.029782s ]
INFO: [ view_parse ] --END-- [ RunTime:0.030136s ]
INFO: [ view_filter ] --START--
INFO: Run Behavior\WriteHtmlCacheBehavior [ RunTime:0.001308s ]
INFO: [ view_filter ] --END-- [ RunTime:0.001679s ]
INFO: [ app_end ] --START--
INFO: Run Behavior\ShowPageTraceBehavior [ RunTime:0.001404s ]
INFO: [ app_end ] --END-- [ RunTime:0.001742s ]

[ 2017-04-27T21:47:58+08:00 ] ::1 /index.php/Admin/Attr/index/id/2
INFO: [ app_init ] --START--
INFO: Run Behavior\BuildLiteBehavior [ RunTime:0.000048s ]
INFO: [ app_init ] --END-- [ RunTime:0.000759s ]
INFO: [ app_begin ] --START--
INFO: Run Behavior\ReadHtmlCacheBehavior [ RunTime:0.000958s ]
INFO: [ app_begin ] --END-- [ RunTime:0.001126s ]
SQL: SHOW COLUMNS FROM `s_attr` [ RunTime:0.0058s ]
SQL: SELECT * FROM `s_attr` WHERE `type_id` = 2  [ RunTime:0.0006s ]
INFO: [ view_parse ] --START--
INFO: [ template_filter ] --START--
INFO: Run Behavior\ContentReplaceBehavior [ RunTime:0.000141s ]
INFO: [ template_filter ] --END-- [ RunTime:0.000320s ]
NOTIC: [8] Undefined variable: page F:\wamp\www\Web\Runtime\Cache\Admin\b6958da4a055485b7380bb43ed67b4a0.php 第 49 行.
INFO: Run Behavior\ParseTemplateBehavior [ RunTime:0.013457s ]
INFO: [ view_parse ] --END-- [ RunTime:0.013632s ]
INFO: [ view_filter ] --START--
INFO: Run Behavior\WriteHtmlCacheBehavior [ RunTime:0.000998s ]
INFO: [ view_filter ] --END-- [ RunTime:0.001159s ]
INFO: [ app_end ] --START--
INFO: Run Behavior\ShowPageTraceBehavior [ RunTime:0.000907s ]
INFO: [ app_end ] --END-- [ RunTime:0.001059s ]

[ 2017-04-27T21:48:00+08:00 ] ::1 /index.php/Admin/Attr/add/id/2
INFO: [ app_init ] --START--
INFO: Run Behavior\BuildLiteBehavior [ RunTime:0.000067s ]
INFO: [ app_init ] --END-- [ RunTime:0.000982s ]
INFO: [ app_begin ] --START--
INFO: Run Behavior\ReadHtmlCacheBehavior [ RunTime:0.000967s ]
INFO: [ app_begin ] --END-- [ RunTime:0.001226s ]
INFO: [ view_parse ] --START--
INFO: [ template_filter ] --START--
INFO: Run Behavior\ContentReplaceBehavior [ RunTime:0.000136s ]
INFO: [ template_filter ] --END-- [ RunTime:0.000313s ]
INFO: Run Behavior\ParseTemplateBehavior [ RunTime:0.009892s ]
INFO: [ view_parse ] --END-- [ RunTime:0.010118s ]
INFO: [ view_filter ] --START--
INFO: Run Behavior\WriteHtmlCacheBehavior [ RunTime:0.000711s ]
INFO: [ view_filter ] --END-- [ RunTime:0.000858s ]
INFO: [ app_end ] --START--
INFO: Run Behavior\ShowPageTraceBehavior [ RunTime:0.000855s ]
INFO: [ app_end ] --END-- [ RunTime:0.001024s ]

[ 2017-04-27T21:48:32+08:00 ] ::1 /index.php/Admin/Attr/add
INFO: [ app_init ] --START--
INFO: Run Behavior\BuildLiteBehavior [ RunTime:0.000057s ]
INFO: [ app_init ] --END-- [ RunTime:0.000989s ]
INFO: [ app_begin ] --START--
INFO: Run Behavior\ReadHtmlCacheBehavior [ RunTime:0.000923s ]
INFO: [ app_begin ] --END-- [ RunTime:0.001178s ]
INFO: [ app_end ] --START--
INFO: Run Behavior\ShowPageTraceBehavior [ RunTime:0.000923s ]
INFO: [ app_end ] --END-- [ RunTime:0.001163s ]

[ 2017-04-27T21:49:21+08:00 ] ::1 /index.php/Admin/Attr/add
INFO: [ app_init ] --START--
INFO: Run Behavior\BuildLiteBehavior [ RunTime:0.000037s ]
INFO: [ app_init ] --END-- [ RunTime:0.000706s ]
INFO: [ app_begin ] --START--
INFO: Run Behavior\ReadHtmlCacheBehavior [ RunTime:0.000901s ]
INFO: [ app_begin ] --END-- [ RunTime:0.001069s ]
INFO: [ app_end ] --START--
INFO: Run Behavior\ShowPageTraceBehavior [ RunTime:0.000773s ]
INFO: [ app_end ] --END-- [ RunTime:0.000935s ]

[ 2017-04-27T21:49:49+08:00 ] ::1 /index.php/Admin/Type/index.html
INFO: [ app_init ] --START--
INFO: Run Behavior\BuildLiteBehavior [ RunTime:0.000060s ]
INFO: [ app_init ] --END-- [ RunTime:0.000918s ]
INFO: [ app_begin ] --START--
INFO: Run Behavior\ReadHtmlCacheBehavior [ RunTime:0.001068s ]
INFO: [ app_begin ] --END-- [ RunTime:0.001335s ]
SQL: SHOW COLUMNS FROM `s_type` [ RunTime:0.0087s ]
SQL: SELECT * FROM `s_type`  [ RunTime:0.0007s ]
INFO: [ view_parse ] --START--
INFO: [ template_filter ] --START--
INFO: Run Behavior\ContentReplaceBehavior [ RunTime:0.000356s ]
INFO: [ template_filter ] --END-- [ RunTime:0.000735s ]
NOTIC: [8] Undefined variable: page F:\wamp\www\Web\Runtime\Cache\Admin\e5953d4fb385ba103c0b532d795a85db.php 第 49 行.
INFO: Run Behavior\ParseTemplateBehavior [ RunTime:0.020165s ]
INFO: [ view_parse ] --END-- [ RunTime:0.020465s ]
INFO: [ view_filter ] --START--
INFO: Run Behavior\WriteHtmlCacheBehavior [ RunTime:0.001337s ]
INFO: [ view_filter ] --END-- [ RunTime:0.001639s ]
INFO: [ app_end ] --START--
INFO: Run Behavior\ShowPageTraceBehavior [ RunTime:0.001220s ]
INFO: [ app_end ] --END-- [ RunTime:0.001443s ]

[ 2017-04-27T21:50:25+08:00 ] ::1 /index.php/Admin/Attr/index/id/2
INFO: [ app_init ] --START--
INFO: Run Behavior\BuildLiteBehavior [ RunTime:0.000059s ]
INFO: [ app_init ] --END-- [ RunTime:0.000890s ]
INFO: [ app_begin ] --START--
INFO: Run Behavior\ReadHtmlCacheBehavior [ RunTime:0.000830s ]
INFO: [ app_begin ] --END-- [ RunTime:0.000989s ]
SQL: SHOW COLUMNS FROM `s_attr` [ RunTime:0.0056s ]
SQL: SELECT * FROM `s_attr` WHERE `type_id` = 2  [ RunTime:0.0005s ]
INFO: [ view_parse ] --START--
INFO: [ template_filter ] --START--
INFO: Run Behavior\ContentReplaceBehavior [ RunTime:0.000140s ]
INFO: [ template_filter ] --END-- [ RunTime:0.000328s ]
NOTIC: [8] Undefined variable: page F:\wamp\www\Web\Runtime\Cache\Admin\b6958da4a055485b7380bb43ed67b4a0.php 第 49 行.
INFO: Run Behavior\ParseTemplateBehavior [ RunTime:0.013554s ]
INFO: [ view_parse ] --END-- [ RunTime:0.013776s ]
INFO: [ view_filter ] --START--
INFO: Run Behavior\WriteHtmlCacheBehavior [ RunTime:0.000859s ]
INFO: [ view_filter ] --END-- [ RunTime:0.001077s ]
INFO: [ app_end ] --START--
INFO: Run Behavior\ShowPageTraceBehavior [ RunTime:0.001185s ]
INFO: [ app_end ] --END-- [ RunTime:0.001392s ]

[ 2017-04-27T21:50:27+08:00 ] ::1 /index.php/Admin/Attr/add/id/2
INFO: [ app_init ] --START--
INFO: Run Behavior\BuildLiteBehavior [ RunTime:0.000035s ]
INFO: [ app_init ] --END-- [ RunTime:0.000664s ]
INFO: [ app_begin ] --START--
INFO: Run Behavior\ReadHtmlCacheBehavior [ RunTime:0.000749s ]
INFO: [ app_begin ] --END-- [ RunTime:0.000907s ]
INFO: [ view_parse ] --START--
INFO: [ template_filter ] --START--
INFO: Run Behavior\ContentReplaceBehavior [ RunTime:0.000199s ]
INFO: [ template_filter ] --END-- [ RunTime:0.000376s ]
INFO: Run Behavior\ParseTemplateBehavior [ RunTime:0.009271s ]
INFO: [ view_parse ] --END-- [ RunTime:0.009448s ]
INFO: [ view_filter ] --START--
INFO: Run Behavior\WriteHtmlCacheBehavior [ RunTime:0.000672s ]
INFO: [ view_filter ] --END-- [ RunTime:0.000866s ]
INFO: [ app_end ] --START--
INFO: Run Behavior\ShowPageTraceBehavior [ RunTime:0.000991s ]
INFO: [ app_end ] --END-- [ RunTime:0.001146s ]

[ 2017-04-27T21:50:44+08:00 ] ::1 /index.php/Admin/Attr/add
INFO: [ app_init ] --START--
INFO: Run Behavior\BuildLiteBehavior [ RunTime:0.000038s ]
INFO: [ app_init ] --END-- [ RunTime:0.000897s ]
INFO: [ app_begin ] --START--
INFO: Run Behavior\ReadHtmlCacheBehavior [ RunTime:0.001654s ]
INFO: [ app_begin ] --END-- [ RunTime:0.002061s ]
INFO: [ app_end ] --START--
INFO: Run Behavior\ShowPageTraceBehavior [ RunTime:0.001253s ]
INFO: [ app_end ] --END-- [ RunTime:0.001474s ]

[ 2017-04-27T21:52:42+08:00 ] ::1 /index.php/Admin/Attr/add
INFO: [ app_init ] --START--
INFO: Run Behavior\BuildLiteBehavior [ RunTime:0.000038s ]
INFO: [ app_init ] --END-- [ RunTime:0.000722s ]
INFO: [ app_begin ] --START--
INFO: Run Behavior\ReadHtmlCacheBehavior [ RunTime:0.000932s ]
INFO: [ app_begin ] --END-- [ RunTime:0.001097s ]
SQL: SHOW COLUMNS FROM `s_attr` [ RunTime:0.0068s ]
SQL: INSERT INTO `s_attr` (`type_id`,`attr_name`,`attr_type`,`attr_values`) VALUES ('0','版面','0','油画，纸') [ RunTime:0.0874s ]
INFO: [ view_parse ] --START--
INFO: [ template_filter ] --START--
INFO: Run Behavior\ContentReplaceBehavior [ RunTime:0.000126s ]
INFO: [ template_filter ] --END-- [ RunTime:0.000348s ]
INFO: Run Behavior\ParseTemplateBehavior [ RunTime:0.035775s ]
INFO: [ view_parse ] --END-- [ RunTime:0.035947s ]
INFO: [ view_filter ] --START--
INFO: Run Behavior\WriteHtmlCacheBehavior [ RunTime:0.000763s ]
INFO: [ view_filter ] --END-- [ RunTime:0.000914s ]
INFO: [ view_parse ] --START--
INFO: [ template_filter ] --START--
INFO: Run Behavior\ContentReplaceBehavior [ RunTime:0.000120s ]
INFO: [ template_filter ] --END-- [ RunTime:-0.006715s ]
INFO: Run Behavior\ParseTemplateBehavior [ RunTime:0.004567s ]
INFO: [ view_parse ] --END-- [ RunTime:-0.001765s ]
INFO: [ view_filter ] --START--
INFO: Run Behavior\WriteHtmlCacheBehavior [ RunTime:0.000080s ]
INFO: [ view_filter ] --END-- [ RunTime:-0.005772s ]
INFO: [ app_end ] --START--
INFO: Run Behavior\ShowPageTraceBehavior [ RunTime:0.001160s ]
INFO: [ app_end ] --END-- [ RunTime:0.001381s ]

[ 2017-04-27T21:52:44+08:00 ] ::1 /index.php/Admin/Attr/index.html
INFO: [ app_init ] --START--
INFO: Run Behavior\BuildLiteBehavior [ RunTime:0.000108s ]
INFO: [ app_init ] --END-- [ RunTime:0.001248s ]
INFO: [ app_begin ] --START--
INFO: Run Behavior\ReadHtmlCacheBehavior [ RunTime:0.001047s ]
INFO: [ app_begin ] --END-- [ RunTime:0.001263s ]
SQL: SHOW COLUMNS FROM `s_attr` [ RunTime:0.0066s ]
SQL: SELECT * FROM `s_attr` WHERE `type_id` = 0  [ RunTime:0.0005s ]
INFO: [ view_parse ] --START--
INFO: [ template_filter ] --START--
INFO: Run Behavior\ContentReplaceBehavior [ RunTime:0.000217s ]
INFO: [ template_filter ] --END-- [ RunTime:0.000519s ]
NOTIC: [8] Undefined index: type_name F:\wamp\www\Web\Runtime\Cache\Admin\b6958da4a055485b7380bb43ed67b4a0.php 第 34 行.
NOTIC: [8] Undefined variable: page F:\wamp\www\Web\Runtime\Cache\Admin\b6958da4a055485b7380bb43ed67b4a0.php 第 49 行.
INFO: Run Behavior\ParseTemplateBehavior [ RunTime:0.016710s ]
INFO: [ view_parse ] --END-- [ RunTime:0.016888s ]
INFO: [ view_filter ] --START--
INFO: Run Behavior\WriteHtmlCacheBehavior [ RunTime:0.000735s ]
INFO: [ view_filter ] --END-- [ RunTime:0.000895s ]
INFO: [ app_end ] --START--
INFO: Run Behavior\ShowPageTraceBehavior [ RunTime:0.001025s ]
INFO: [ app_end ] --END-- [ RunTime:0.001243s ]

[ 2017-04-27T21:54:27+08:00 ] ::1 /index.php/Admin/Attr/add/id/
INFO: [ app_init ] --START--
INFO: Run Behavior\BuildLiteBehavior [ RunTime:0.000039s ]
INFO: [ app_init ] --END-- [ RunTime:0.000744s ]
INFO: [ app_begin ] --START--
INFO: Run Behavior\ReadHtmlCacheBehavior [ RunTime:0.000829s ]
INFO: [ app_begin ] --END-- [ RunTime:0.001002s ]
INFO: [ view_parse ] --START--
INFO: [ template_filter ] --START--
INFO: Run Behavior\ContentReplaceBehavior [ RunTime:0.000154s ]
INFO: [ template_filter ] --END-- [ RunTime:0.000333s ]
INFO: Run Behavior\ParseTemplateBehavior [ RunTime:0.010016s ]
INFO: [ view_parse ] --END-- [ RunTime:0.010243s ]
INFO: [ view_filter ] --START--
INFO: Run Behavior\WriteHtmlCacheBehavior [ RunTime:0.000621s ]
INFO: [ view_filter ] --END-- [ RunTime:0.000769s ]
INFO: [ app_end ] --START--
INFO: Run Behavior\ShowPageTraceBehavior [ RunTime:0.001040s ]
INFO: [ app_end ] --END-- [ RunTime:0.001213s ]

[ 2017-04-27T21:54:45+08:00 ] ::1 /index.php/Admin/Attr/add
INFO: [ app_init ] --START--
INFO: Run Behavior\BuildLiteBehavior [ RunTime:0.000080s ]
INFO: [ app_init ] --END-- [ RunTime:0.000876s ]
INFO: [ app_begin ] --START--
INFO: Run Behavior\ReadHtmlCacheBehavior [ RunTime:0.001322s ]
INFO: [ app_begin ] --END-- [ RunTime:0.001569s ]
SQL: SHOW COLUMNS FROM `s_attr` [ RunTime:0.0060s ]
SQL: INSERT INTO `s_attr` (`type_id`,`attr_name`,`attr_type`,`attr_values`) VALUES ('0','出版社','1','清华，北大') [ RunTime:0.0626s ]
INFO: [ view_parse ] --START--
INFO: [ template_filter ] --START--
INFO: Run Behavior\ContentReplaceBehavior [ RunTime:0.000234s ]
INFO: [ template_filter ] --END-- [ RunTime:0.000573s ]
INFO: Run Behavior\ParseTemplateBehavior [ RunTime:0.014807s ]
INFO: [ view_parse ] --END-- [ RunTime:0.015077s ]
INFO: [ view_filter ] --START--
INFO: Run Behavior\WriteHtmlCacheBehavior [ RunTime:0.000921s ]
INFO: [ view_filter ] --END-- [ RunTime:0.001093s ]
INFO: [ app_end ] --START--
INFO: Run Behavior\ShowPageTraceBehavior [ RunTime:0.001093s ]
INFO: [ app_end ] --END-- [ RunTime:0.001292s ]

[ 2017-04-27T21:54:46+08:00 ] ::1 /index.php/Admin/Attr/index.html
INFO: [ app_init ] --START--
INFO: Run Behavior\BuildLiteBehavior [ RunTime:0.000083s ]
INFO: [ app_init ] --END-- [ RunTime:0.001274s ]
INFO: [ app_begin ] --START--
INFO: Run Behavior\ReadHtmlCacheBehavior [ RunTime:0.001054s ]
INFO: [ app_begin ] --END-- [ RunTime:0.001292s ]
SQL: SHOW COLUMNS FROM `s_attr` [ RunTime:0.0067s ]
SQL: SELECT * FROM `s_attr` WHERE `type_id` = 0  [ RunTime:0.0007s ]
INFO: [ view_parse ] --START--
INFO: [ template_filter ] --START--
INFO: Run Behavior\ContentReplaceBehavior [ RunTime:0.000144s ]
INFO: [ template_filter ] --END-- [ RunTime:0.000349s ]
NOTIC: [8] Undefined index: type_name F:\wamp\www\Web\Runtime\Cache\Admin\b6958da4a055485b7380bb43ed67b4a0.php 第 34 行.
NOTIC: [8] Undefined index: type_name F:\wamp\www\Web\Runtime\Cache\Admin\b6958da4a055485b7380bb43ed67b4a0.php 第 34 行.
NOTIC: [8] Undefined variable: page F:\wamp\www\Web\Runtime\Cache\Admin\b6958da4a055485b7380bb43ed67b4a0.php 第 49 行.
INFO: Run Behavior\ParseTemplateBehavior [ RunTime:0.014136s ]
INFO: [ view_parse ] --END-- [ RunTime:0.014369s ]
INFO: [ view_filter ] --START--
INFO: Run Behavior\WriteHtmlCacheBehavior [ RunTime:0.000843s ]
INFO: [ view_filter ] --END-- [ RunTime:0.001041s ]
INFO: [ app_end ] --START--
INFO: Run Behavior\ShowPageTraceBehavior [ RunTime:0.001098s ]
INFO: [ app_end ] --END-- [ RunTime:0.001304s ]

[ 2017-04-27T21:55:35+08:00 ] ::1 /index.php/Admin/Attr/index.html
INFO: [ app_init ] --START--
INFO: Run Behavior\BuildLiteBehavior [ RunTime:0.000038s ]
INFO: [ app_init ] --END-- [ RunTime:0.000955s ]
INFO: [ app_begin ] --START--
INFO: Run Behavior\ReadHtmlCacheBehavior [ RunTime:0.001095s ]
INFO: [ app_begin ] --END-- [ RunTime:0.001324s ]
SQL: SHOW COLUMNS FROM `s_attr` [ RunTime:0.0063s ]
SQL: SELECT * FROM `s_attr` WHERE `type_id` = 0  [ RunTime:0.0008s ]
INFO: [ view_parse ] --START--
INFO: [ template_filter ] --START--
INFO: Run Behavior\ContentReplaceBehavior [ RunTime:0.000235s ]
INFO: [ template_filter ] --END-- [ RunTime:0.000554s ]
NOTIC: [8] Undefined index: type_name F:\wamp\www\Web\Runtime\Cache\Admin\b6958da4a055485b7380bb43ed67b4a0.php 第 34 行.
NOTIC: [8] Undefined index: type_name F:\wamp\www\Web\Runtime\Cache\Admin\b6958da4a055485b7380bb43ed67b4a0.php 第 34 行.
NOTIC: [8] Undefined variable: page F:\wamp\www\Web\Runtime\Cache\Admin\b6958da4a055485b7380bb43ed67b4a0.php 第 49 行.
INFO: Run Behavior\ParseTemplateBehavior [ RunTime:0.017158s ]
INFO: [ view_parse ] --END-- [ RunTime:0.017336s ]
INFO: [ view_filter ] --START--
INFO: Run Behavior\WriteHtmlCacheBehavior [ RunTime:0.000830s ]
INFO: [ view_filter ] --END-- [ RunTime:0.001031s ]
INFO: [ app_end ] --START--
INFO: Run Behavior\ShowPageTraceBehavior [ RunTime:0.001142s ]
INFO: [ app_end ] --END-- [ RunTime:0.001375s ]

[ 2017-04-27T21:55:38+08:00 ] ::1 /index.php/Admin/Type/index.html
INFO: [ app_init ] --START--
INFO: Run Behavior\BuildLiteBehavior [ RunTime:0.000103s ]
INFO: [ app_init ] --END-- [ RunTime:0.001621s ]
INFO: [ app_begin ] --START--
INFO: Run Behavior\ReadHtmlCacheBehavior [ RunTime:0.002165s ]
INFO: [ app_begin ] --END-- [ RunTime:0.002608s ]
SQL: SHOW COLUMNS FROM `s_type` [ RunTime:0.0089s ]
SQL: SELECT * FROM `s_type`  [ RunTime:0.0006s ]
INFO: [ view_parse ] --START--
INFO: [ template_filter ] --START--
INFO: Run Behavior\ContentReplaceBehavior [ RunTime:0.000147s ]
INFO: [ template_filter ] --END-- [ RunTime:0.000346s ]
NOTIC: [8] Undefined variable: page F:\wamp\www\Web\Runtime\Cache\Admin\e5953d4fb385ba103c0b532d795a85db.php 第 49 行.
INFO: Run Behavior\ParseTemplateBehavior [ RunTime:0.020443s ]
INFO: [ view_parse ] --END-- [ RunTime:0.020650s ]
INFO: [ view_filter ] --START--
INFO: Run Behavior\WriteHtmlCacheBehavior [ RunTime:0.001404s ]
INFO: [ view_filter ] --END-- [ RunTime:0.001863s ]
INFO: [ app_end ] --START--
INFO: Run Behavior\ShowPageTraceBehavior [ RunTime:0.001923s ]
INFO: [ app_end ] --END-- [ RunTime:0.002271s ]

[ 2017-04-27T21:55:40+08:00 ] ::1 /index.php/Admin/Type/add
INFO: [ app_init ] --START--
INFO: Run Behavior\BuildLiteBehavior [ RunTime:0.000038s ]
INFO: [ app_init ] --END-- [ RunTime:0.000824s ]
INFO: [ app_begin ] --START--
INFO: Run Behavior\ReadHtmlCacheBehavior [ RunTime:0.000969s ]
INFO: [ app_begin ] --END-- [ RunTime:0.001129s ]
SQL: SHOW COLUMNS FROM `s_type` [ RunTime:0.0053s ]
INFO: [ view_parse ] --START--
INFO: [ template_filter ] --START--
INFO: Run Behavior\ContentReplaceBehavior [ RunTime:0.000132s ]
INFO: [ template_filter ] --END-- [ RunTime:0.000338s ]
INFO: Run Behavior\ParseTemplateBehavior [ RunTime:0.010072s ]
INFO: [ view_parse ] --END-- [ RunTime:0.010327s ]
INFO: [ view_filter ] --START--
INFO: Run Behavior\WriteHtmlCacheBehavior [ RunTime:0.000691s ]
INFO: [ view_filter ] --END-- [ RunTime:0.000890s ]
INFO: [ app_end ] --START--
INFO: Run Behavior\ShowPageTraceBehavior [ RunTime:0.000914s ]
INFO: [ app_end ] --END-- [ RunTime:0.001076s ]

[ 2017-04-27T21:55:43+08:00 ] ::1 /index.php/Admin/Type/index.html
INFO: [ app_init ] --START--
INFO: Run Behavior\BuildLiteBehavior [ RunTime:0.000077s ]
INFO: [ app_init ] --END-- [ RunTime:0.001300s ]
INFO: [ app_begin ] --START--
INFO: Run Behavior\ReadHtmlCacheBehavior [ RunTime:0.001914s ]
INFO: [ app_begin ] --END-- [ RunTime:0.002364s ]
SQL: SHOW COLUMNS FROM `s_type` [ RunTime:0.0067s ]
SQL: SELECT * FROM `s_type`  [ RunTime:0.0006s ]
INFO: [ view_parse ] --START--
INFO: [ template_filter ] --START--
INFO: Run Behavior\ContentReplaceBehavior [ RunTime:0.000237s ]
INFO: [ template_filter ] --END-- [ RunTime:0.000544s ]
NOTIC: [8] Undefined variable: page F:\wamp\www\Web\Runtime\Cache\Admin\e5953d4fb385ba103c0b532d795a85db.php 第 49 行.
INFO: Run Behavior\ParseTemplateBehavior [ RunTime:0.022192s ]
INFO: [ view_parse ] --END-- [ RunTime:0.022454s ]
INFO: [ view_filter ] --START--
INFO: Run Behavior\WriteHtmlCacheBehavior [ RunTime:0.001120s ]
INFO: [ view_filter ] --END-- [ RunTime:0.001474s ]
INFO: [ app_end ] --START--
INFO: Run Behavior\ShowPageTraceBehavior [ RunTime:0.001390s ]
INFO: [ app_end ] --END-- [ RunTime:0.001692s ]

[ 2017-04-27T21:55:44+08:00 ] ::1 /index.php/Admin/Attr/index/id/1
INFO: [ app_init ] --START--
INFO: Run Behavior\BuildLiteBehavior [ RunTime:0.000037s ]
INFO: [ app_init ] --END-- [ RunTime:0.000696s ]
INFO: [ app_begin ] --START--
INFO: Run Behavior\ReadHtmlCacheBehavior [ RunTime:0.000894s ]
INFO: [ app_begin ] --END-- [ RunTime:0.001121s ]
SQL: SHOW COLUMNS FROM `s_attr` [ RunTime:0.0059s ]
SQL: SELECT * FROM `s_attr` WHERE `type_id` = 1  [ RunTime:0.0006s ]
INFO: [ view_parse ] --START--
INFO: [ template_filter ] --START--
INFO: Run Behavior\ContentReplaceBehavior [ RunTime:0.000148s ]
INFO: [ template_filter ] --END-- [ RunTime:0.000323s ]
NOTIC: [8] Undefined variable: page F:\wamp\www\Web\Runtime\Cache\Admin\b6958da4a055485b7380bb43ed67b4a0.php 第 49 行.
INFO: Run Behavior\ParseTemplateBehavior [ RunTime:0.011879s ]
INFO: [ view_parse ] --END-- [ RunTime:0.012132s ]
INFO: [ view_filter ] --START--
INFO: Run Behavior\WriteHtmlCacheBehavior [ RunTime:0.000584s ]
INFO: [ view_filter ] --END-- [ RunTime:0.000746s ]
INFO: [ app_end ] --START--
INFO: Run Behavior\ShowPageTraceBehavior [ RunTime:0.001265s ]
INFO: [ app_end ] --END-- [ RunTime:0.001686s ]

[ 2017-04-27T21:56:23+08:00 ] ::1 /index.php/Admin/Attr/add/id/1
INFO: [ app_init ] --START--
INFO: Run Behavior\BuildLiteBehavior [ RunTime:0.000050s ]
INFO: [ app_init ] --END-- [ RunTime:0.000763s ]
INFO: [ app_begin ] --START--
INFO: Run Behavior\ReadHtmlCacheBehavior [ RunTime:0.000894s ]
INFO: [ app_begin ] --END-- [ RunTime:0.001144s ]
INFO: [ view_parse ] --START--
INFO: [ template_filter ] --START--
INFO: Run Behavior\ContentReplaceBehavior [ RunTime:0.000166s ]
INFO: [ template_filter ] --END-- [ RunTime:0.000351s ]
INFO: Run Behavior\ParseTemplateBehavior [ RunTime:0.009307s ]
INFO: [ view_parse ] --END-- [ RunTime:0.009481s ]
INFO: [ view_filter ] --START--
INFO: Run Behavior\WriteHtmlCacheBehavior [ RunTime:0.000660s ]
INFO: [ view_filter ] --END-- [ RunTime:0.000816s ]
INFO: [ app_end ] --START--
INFO: Run Behavior\ShowPageTraceBehavior [ RunTime:0.000877s ]
INFO: [ app_end ] --END-- [ RunTime:0.001081s ]

[ 2017-04-27T21:56:29+08:00 ] ::1 /index.php/Admin/Type/index.html
INFO: [ app_init ] --START--
INFO: Run Behavior\BuildLiteBehavior [ RunTime:0.000074s ]
INFO: [ app_init ] --END-- [ RunTime:0.001464s ]
INFO: [ app_begin ] --START--
INFO: Run Behavior\ReadHtmlCacheBehavior [ RunTime:0.001428s ]
INFO: [ app_begin ] --END-- [ RunTime:0.001868s ]
SQL: SHOW COLUMNS FROM `s_type` [ RunTime:0.0069s ]
SQL: SELECT * FROM `s_type`  [ RunTime:0.0007s ]
INFO: [ view_parse ] --START--
INFO: [ template_filter ] --START--
INFO: Run Behavior\ContentReplaceBehavior [ RunTime:0.000171s ]
INFO: [ template_filter ] --END-- [ RunTime:0.000389s ]
NOTIC: [8] Undefined variable: page F:\wamp\www\Web\Runtime\Cache\Admin\e5953d4fb385ba103c0b532d795a85db.php 第 49 行.
INFO: Run Behavior\ParseTemplateBehavior [ RunTime:0.020361s ]
INFO: [ view_parse ] --END-- [ RunTime:0.020675s ]
INFO: [ view_filter ] --START--
INFO: Run Behavior\WriteHtmlCacheBehavior [ RunTime:0.000957s ]
INFO: [ view_filter ] --END-- [ RunTime:0.001215s ]
INFO: [ app_end ] --START--
INFO: Run Behavior\ShowPageTraceBehavior [ RunTime:0.000961s ]
INFO: [ app_end ] --END-- [ RunTime:0.001184s ]

[ 2017-04-27T21:56:31+08:00 ] ::1 /index.php/Admin/Attr/index/id/1
INFO: [ app_init ] --START--
INFO: Run Behavior\BuildLiteBehavior [ RunTime:0.000040s ]
INFO: [ app_init ] --END-- [ RunTime:0.000720s ]
INFO: [ app_begin ] --START--
INFO: Run Behavior\ReadHtmlCacheBehavior [ RunTime:0.000764s ]
INFO: [ app_begin ] --END-- [ RunTime:0.000939s ]
SQL: SHOW COLUMNS FROM `s_attr` [ RunTime:0.0055s ]
SQL: SELECT * FROM `s_attr` WHERE `type_id` = 1  [ RunTime:0.0005s ]
INFO: [ view_parse ] --START--
INFO: [ template_filter ] --START--
INFO: Run Behavior\ContentReplaceBehavior [ RunTime:0.000143s ]
INFO: [ template_filter ] --END-- [ RunTime:0.000326s ]
NOTIC: [8] Undefined variable: page F:\wamp\www\Web\Runtime\Cache\Admin\b6958da4a055485b7380bb43ed67b4a0.php 第 49 行.
INFO: Run Behavior\ParseTemplateBehavior [ RunTime:0.012697s ]
INFO: [ view_parse ] --END-- [ RunTime:0.012890s ]
INFO: [ view_filter ] --START--
INFO: Run Behavior\WriteHtmlCacheBehavior [ RunTime:0.000676s ]
INFO: [ view_filter ] --END-- [ RunTime:0.000838s ]
INFO: [ app_end ] --START--
INFO: Run Behavior\ShowPageTraceBehavior [ RunTime:0.000855s ]
INFO: [ app_end ] --END-- [ RunTime:0.001079s ]

[ 2017-04-27T21:56:32+08:00 ] ::1 /index.php/Admin/Attr/add/id/1
INFO: [ app_init ] --START--
INFO: Run Behavior\BuildLiteBehavior [ RunTime:0.000044s ]
INFO: [ app_init ] --END-- [ RunTime:0.000754s ]
INFO: [ app_begin ] --START--
INFO: Run Behavior\ReadHtmlCacheBehavior [ RunTime:0.000845s ]
INFO: [ app_begin ] --END-- [ RunTime:0.001009s ]
INFO: [ view_parse ] --START--
INFO: [ template_filter ] --START--
INFO: Run Behavior\ContentReplaceBehavior [ RunTime:0.000137s ]
INFO: [ template_filter ] --END-- [ RunTime:0.000332s ]
INFO: Run Behavior\ParseTemplateBehavior [ RunTime:0.009231s ]
INFO: [ view_parse ] --END-- [ RunTime:0.009403s ]
INFO: [ view_filter ] --START--
INFO: Run Behavior\WriteHtmlCacheBehavior [ RunTime:0.000669s ]
INFO: [ view_filter ] --END-- [ RunTime:0.000824s ]
INFO: [ app_end ] --START--
INFO: Run Behavior\ShowPageTraceBehavior [ RunTime:0.000848s ]
INFO: [ app_end ] --END-- [ RunTime:0.001001s ]

[ 2017-04-27T21:57:24+08:00 ] ::1 /index.php/Admin/Attr/add/id/1
INFO: [ app_init ] --START--
INFO: Run Behavior\BuildLiteBehavior [ RunTime:0.000039s ]
INFO: [ app_init ] --END-- [ RunTime:0.000805s ]
INFO: [ app_begin ] --START--
INFO: Run Behavior\ReadHtmlCacheBehavior [ RunTime:0.000926s ]
INFO: [ app_begin ] --END-- [ RunTime:0.001109s ]
INFO: [ view_parse ] --START--
INFO: [ template_filter ] --START--
INFO: Run Behavior\ContentReplaceBehavior [ RunTime:0.000138s ]
INFO: [ template_filter ] --END-- [ RunTime:0.000368s ]
INFO: Run Behavior\ParseTemplateBehavior [ RunTime:0.009399s ]
INFO: [ view_parse ] --END-- [ RunTime:0.009723s ]
INFO: [ view_filter ] --START--
INFO: Run Behavior\WriteHtmlCacheBehavior [ RunTime:0.000690s ]
INFO: [ view_filter ] --END-- [ RunTime:0.000898s ]
INFO: [ app_end ] --START--
INFO: Run Behavior\ShowPageTraceBehavior [ RunTime:0.001150s ]
INFO: [ app_end ] --END-- [ RunTime:0.001384s ]

[ 2017-04-27T21:57:44+08:00 ] ::1 /index.php/Admin/Attr/add
INFO: [ app_init ] --START--
INFO: Run Behavior\BuildLiteBehavior [ RunTime:0.000064s ]
INFO: [ app_init ] --END-- [ RunTime:0.000838s ]
INFO: [ app_begin ] --START--
INFO: Run Behavior\ReadHtmlCacheBehavior [ RunTime:0.001211s ]
INFO: [ app_begin ] --END-- [ RunTime:0.001437s ]
SQL: SHOW COLUMNS FROM `s_attr` [ RunTime:0.0117s ]

[ 2017-04-27T21:59:17+08:00 ] ::1 /index.php/Admin/Attr/add/id/1
INFO: [ app_init ] --START--
INFO: Run Behavior\BuildLiteBehavior [ RunTime:0.000045s ]
INFO: [ app_init ] --END-- [ RunTime:0.000888s ]
INFO: [ app_begin ] --START--
INFO: Run Behavior\ReadHtmlCacheBehavior [ RunTime:0.000924s ]
INFO: [ app_begin ] --END-- [ RunTime:0.001133s ]
INFO: [ view_parse ] --START--
INFO: [ template_filter ] --START--
INFO: Run Behavior\ContentReplaceBehavior [ RunTime:0.000139s ]
INFO: [ template_filter ] --END-- [ RunTime:0.000371s ]
INFO: Run Behavior\ParseTemplateBehavior [ RunTime:0.010721s ]
INFO: [ view_parse ] --END-- [ RunTime:0.010906s ]
INFO: [ view_filter ] --START--
INFO: Run Behavior\WriteHtmlCacheBehavior [ RunTime:0.000742s ]
INFO: [ view_filter ] --END-- [ RunTime:0.000916s ]
INFO: [ app_end ] --START--
INFO: Run Behavior\ShowPageTraceBehavior [ RunTime:0.000949s ]
INFO: [ app_end ] --END-- [ RunTime:0.001101s ]

[ 2017-04-27T21:59:21+08:00 ] ::1 /index.php/Admin/Attr/add
INFO: [ app_init ] --START--
INFO: Run Behavior\BuildLiteBehavior [ RunTime:0.000038s ]
INFO: [ app_init ] --END-- [ RunTime:0.000766s ]
INFO: [ app_begin ] --START--
INFO: Run Behavior\ReadHtmlCacheBehavior [ RunTime:0.000897s ]
INFO: [ app_begin ] --END-- [ RunTime:0.001057s ]
SQL: SHOW COLUMNS FROM `s_attr` [ RunTime:0.0060s ]

[ 2017-04-27T22:00:21+08:00 ] ::1 /index.php/Admin/Attr/add
INFO: [ app_init ] --START--
INFO: Run Behavior\BuildLiteBehavior [ RunTime:0.000049s ]
INFO: [ app_init ] --END-- [ RunTime:0.001108s ]
INFO: [ app_begin ] --START--
INFO: Run Behavior\ReadHtmlCacheBehavior [ RunTime:0.001548s ]
INFO: [ app_begin ] --END-- [ RunTime:0.001943s ]
SQL: SHOW COLUMNS FROM `s_attr` [ RunTime:0.0078s ]

[ 2017-04-27T22:00:37+08:00 ] ::1 /index.php/Admin/Attr/add
INFO: [ app_init ] --START--
INFO: Run Behavior\BuildLiteBehavior [ RunTime:0.000041s ]
INFO: [ app_init ] --END-- [ RunTime:0.000901s ]
INFO: [ app_begin ] --START--
INFO: Run Behavior\ReadHtmlCacheBehavior [ RunTime:0.001354s ]
INFO: [ app_begin ] --END-- [ RunTime:0.001558s ]
SQL: SHOW COLUMNS FROM `s_attr` [ RunTime:0.0066s ]

[ 2017-04-27T22:00:41+08:00 ] ::1 /index.php/Admin/Type/index.html
INFO: [ app_init ] --START--
INFO: Run Behavior\BuildLiteBehavior [ RunTime:0.000081s ]
INFO: [ app_init ] --END-- [ RunTime:0.001139s ]
INFO: [ app_begin ] --START--
INFO: Run Behavior\ReadHtmlCacheBehavior [ RunTime:0.002144s ]
INFO: [ app_begin ] --END-- [ RunTime:0.002783s ]
SQL: SHOW COLUMNS FROM `s_type` [ RunTime:0.0070s ]
SQL: SELECT * FROM `s_type`  [ RunTime:0.0007s ]
INFO: [ view_parse ] --START--
INFO: [ template_filter ] --START--
INFO: Run Behavior\ContentReplaceBehavior [ RunTime:0.000276s ]
INFO: [ template_filter ] --END-- [ RunTime:0.000631s ]
NOTIC: [8] Undefined variable: page F:\wamp\www\Web\Runtime\Cache\Admin\e5953d4fb385ba103c0b532d795a85db.php 第 49 行.
INFO: Run Behavior\ParseTemplateBehavior [ RunTime:0.024408s ]
INFO: [ view_parse ] --END-- [ RunTime:0.024737s ]
INFO: [ view_filter ] --START--
INFO: Run Behavior\WriteHtmlCacheBehavior [ RunTime:0.001437s ]
INFO: [ view_filter ] --END-- [ RunTime:0.001768s ]
INFO: [ app_end ] --START--
INFO: Run Behavior\ShowPageTraceBehavior [ RunTime:0.001669s ]
INFO: [ app_end ] --END-- [ RunTime:0.002055s ]

[ 2017-04-27T22:00:43+08:00 ] ::1 /index.php/Admin/Attr/index/id/1
INFO: [ app_init ] --START--
INFO: Run Behavior\BuildLiteBehavior [ RunTime:0.000041s ]
INFO: [ app_init ] --END-- [ RunTime:0.000845s ]
INFO: [ app_begin ] --START--
INFO: Run Behavior\ReadHtmlCacheBehavior [ RunTime:0.001561s ]
INFO: [ app_begin ] --END-- [ RunTime:0.001900s ]
SQL: SHOW COLUMNS FROM `s_attr` [ RunTime:0.0072s ]
SQL: SELECT * FROM `s_attr` WHERE `type_id` = 1  [ RunTime:0.0007s ]
INFO: [ view_parse ] --START--
INFO: [ template_filter ] --START--
INFO: Run Behavior\ContentReplaceBehavior [ RunTime:0.000148s ]
INFO: [ template_filter ] --END-- [ RunTime:0.000343s ]
NOTIC: [8] Undefined variable: page F:\wamp\www\Web\Runtime\Cache\Admin\b6958da4a055485b7380bb43ed67b4a0.php 第 49 行.
INFO: Run Behavior\ParseTemplateBehavior [ RunTime:0.015666s ]
INFO: [ view_parse ] --END-- [ RunTime:0.015846s ]
INFO: [ view_filter ] --START--
INFO: Run Behavior\WriteHtmlCacheBehavior [ RunTime:0.000834s ]
INFO: [ view_filter ] --END-- [ RunTime:0.000988s ]
INFO: [ app_end ] --START--
INFO: Run Behavior\ShowPageTraceBehavior [ RunTime:0.001043s ]
INFO: [ app_end ] --END-- [ RunTime:0.001207s ]

[ 2017-04-27T22:00:45+08:00 ] ::1 /index.php/Admin/Attr/add/id/1
INFO: [ app_init ] --START--
INFO: Run Behavior\BuildLiteBehavior [ RunTime:0.000043s ]
INFO: [ app_init ] --END-- [ RunTime:0.000793s ]
INFO: [ app_begin ] --START--
INFO: Run Behavior\ReadHtmlCacheBehavior [ RunTime:0.001164s ]
INFO: [ app_begin ] --END-- [ RunTime:0.001346s ]
INFO: [ view_parse ] --START--
INFO: [ template_filter ] --START--
INFO: Run Behavior\ContentReplaceBehavior [ RunTime:0.000143s ]
INFO: [ template_filter ] --END-- [ RunTime:0.000362s ]
INFO: Run Behavior\ParseTemplateBehavior [ RunTime:0.011609s ]
INFO: [ view_parse ] --END-- [ RunTime:0.011847s ]
INFO: [ view_filter ] --START--
INFO: Run Behavior\WriteHtmlCacheBehavior [ RunTime:0.000873s ]
INFO: [ view_filter ] --END-- [ RunTime:0.001032s ]
INFO: [ app_end ] --START--
INFO: Run Behavior\ShowPageTraceBehavior [ RunTime:0.001098s ]
INFO: [ app_end ] --END-- [ RunTime:0.001263s ]

[ 2017-04-27T22:00:47+08:00 ] ::1 /index.php/Admin/Attr/add
INFO: [ app_init ] --START--
INFO: Run Behavior\BuildLiteBehavior [ RunTime:0.000089s ]
INFO: [ app_init ] --END-- [ RunTime:0.001606s ]
INFO: [ app_begin ] --START--
INFO: Run Behavior\ReadHtmlCacheBehavior [ RunTime:0.001365s ]
INFO: [ app_begin ] --END-- [ RunTime:0.001637s ]
SQL: SHOW COLUMNS FROM `s_attr` [ RunTime:0.0063s ]

[ 2017-04-27T22:00:49+08:00 ] ::1 /index.php/Admin/Type/index.html
INFO: [ app_init ] --START--
INFO: Run Behavior\BuildLiteBehavior [ RunTime:0.000077s ]
INFO: [ app_init ] --END-- [ RunTime:0.001222s ]
INFO: [ app_begin ] --START--
INFO: Run Behavior\ReadHtmlCacheBehavior [ RunTime:0.001756s ]
INFO: [ app_begin ] --END-- [ RunTime:0.002668s ]
SQL: SHOW COLUMNS FROM `s_type` [ RunTime:0.0077s ]
SQL: SELECT * FROM `s_type`  [ RunTime:0.0007s ]
INFO: [ view_parse ] --START--
INFO: [ template_filter ] --START--
INFO: Run Behavior\ContentReplaceBehavior [ RunTime:0.000237s ]
INFO: [ template_filter ] --END-- [ RunTime:0.000611s ]
NOTIC: [8] Undefined variable: page F:\wamp\www\Web\Runtime\Cache\Admin\e5953d4fb385ba103c0b532d795a85db.php 第 49 行.
INFO: Run Behavior\ParseTemplateBehavior [ RunTime:0.022371s ]
INFO: [ view_parse ] --END-- [ RunTime:0.022701s ]
INFO: [ view_filter ] --START--
INFO: Run Behavior\WriteHtmlCacheBehavior [ RunTime:0.001306s ]
INFO: [ view_filter ] --END-- [ RunTime:0.001597s ]
INFO: [ app_end ] --START--
INFO: Run Behavior\ShowPageTraceBehavior [ RunTime:0.001555s ]
INFO: [ app_end ] --END-- [ RunTime:0.001992s ]

[ 2017-04-27T22:00:51+08:00 ] ::1 /index.php/Admin/Attr/index/id/2
INFO: [ app_init ] --START--
INFO: Run Behavior\BuildLiteBehavior [ RunTime:0.000043s ]
INFO: [ app_init ] --END-- [ RunTime:0.000736s ]
INFO: [ app_begin ] --START--
INFO: Run Behavior\ReadHtmlCacheBehavior [ RunTime:0.001526s ]
INFO: [ app_begin ] --END-- [ RunTime:0.001833s ]
SQL: SHOW COLUMNS FROM `s_attr` [ RunTime:0.0063s ]
SQL: SELECT * FROM `s_attr` WHERE `type_id` = 2  [ RunTime:0.0005s ]
INFO: [ view_parse ] --START--
INFO: [ template_filter ] --START--
INFO: Run Behavior\ContentReplaceBehavior [ RunTime:0.000151s ]
INFO: [ template_filter ] --END-- [ RunTime:0.000348s ]
NOTIC: [8] Undefined variable: page F:\wamp\www\Web\Runtime\Cache\Admin\b6958da4a055485b7380bb43ed67b4a0.php 第 49 行.
INFO: Run Behavior\ParseTemplateBehavior [ RunTime:0.015909s ]
INFO: [ view_parse ] --END-- [ RunTime:0.016079s ]
INFO: [ view_filter ] --START--
INFO: Run Behavior\WriteHtmlCacheBehavior [ RunTime:0.000774s ]
INFO: [ view_filter ] --END-- [ RunTime:0.000927s ]
INFO: [ app_end ] --START--
INFO: Run Behavior\ShowPageTraceBehavior [ RunTime:0.000993s ]
INFO: [ app_end ] --END-- [ RunTime:0.001168s ]

[ 2017-04-27T22:00:52+08:00 ] ::1 /index.php/Admin/Attr/add/id/2
INFO: [ app_init ] --START--
INFO: Run Behavior\BuildLiteBehavior [ RunTime:0.000044s ]
INFO: [ app_init ] --END-- [ RunTime:0.000860s ]
INFO: [ app_begin ] --START--
INFO: Run Behavior\ReadHtmlCacheBehavior [ RunTime:0.001266s ]
INFO: [ app_begin ] --END-- [ RunTime:0.001457s ]
INFO: [ view_parse ] --START--
INFO: [ template_filter ] --START--
INFO: Run Behavior\ContentReplaceBehavior [ RunTime:0.000168s ]
INFO: [ template_filter ] --END-- [ RunTime:0.000363s ]
INFO: Run Behavior\ParseTemplateBehavior [ RunTime:0.013392s ]
INFO: [ view_parse ] --END-- [ RunTime:0.013635s ]
INFO: [ view_filter ] --START--
INFO: Run Behavior\WriteHtmlCacheBehavior [ RunTime:0.000891s ]
INFO: [ view_filter ] --END-- [ RunTime:0.001087s ]
INFO: [ app_end ] --START--
INFO: Run Behavior\ShowPageTraceBehavior [ RunTime:0.001530s ]
INFO: [ app_end ] --END-- [ RunTime:0.001833s ]

[ 2017-04-27T22:00:56+08:00 ] ::1 /index.php/Admin/Attr/add
INFO: [ app_init ] --START--
INFO: Run Behavior\BuildLiteBehavior [ RunTime:0.000093s ]
INFO: [ app_init ] --END-- [ RunTime:0.001192s ]
INFO: [ app_begin ] --START--
INFO: Run Behavior\ReadHtmlCacheBehavior [ RunTime:0.001100s ]
INFO: [ app_begin ] --END-- [ RunTime:0.001302s ]
SQL: SHOW COLUMNS FROM `s_attr` [ RunTime:0.0061s ]

[ 2017-04-27T22:01:40+08:00 ] ::1 /index.php/Admin/Type/index.html
INFO: [ app_init ] --START--
INFO: Run Behavior\BuildLiteBehavior [ RunTime:0.000135s ]
INFO: [ app_init ] --END-- [ RunTime:0.001869s ]
INFO: [ app_begin ] --START--
INFO: Run Behavior\ReadHtmlCacheBehavior [ RunTime:0.002374s ]
INFO: [ app_begin ] --END-- [ RunTime:0.002747s ]
SQL: SHOW COLUMNS FROM `s_type` [ RunTime:0.0075s ]
SQL: SELECT * FROM `s_type`  [ RunTime:0.0008s ]
INFO: [ view_parse ] --START--
INFO: [ template_filter ] --START--
INFO: Run Behavior\ContentReplaceBehavior [ RunTime:0.000263s ]
INFO: [ template_filter ] --END-- [ RunTime:0.000596s ]
NOTIC: [8] Undefined variable: page F:\wamp\www\Web\Runtime\Cache\Admin\e5953d4fb385ba103c0b532d795a85db.php 第 49 行.
INFO: Run Behavior\ParseTemplateBehavior [ RunTime:0.025598s ]
INFO: [ view_parse ] --END-- [ RunTime:0.025946s ]
INFO: [ view_filter ] --START--
INFO: Run Behavior\WriteHtmlCacheBehavior [ RunTime:0.001271s ]
INFO: [ view_filter ] --END-- [ RunTime:0.001523s ]
INFO: [ app_end ] --START--
INFO: Run Behavior\ShowPageTraceBehavior [ RunTime:0.001697s ]
INFO: [ app_end ] --END-- [ RunTime:0.002041s ]

[ 2017-04-27T22:01:42+08:00 ] ::1 /index.php/Admin/Attr/index/id/1
INFO: [ app_init ] --START--
INFO: Run Behavior\BuildLiteBehavior [ RunTime:0.000042s ]
INFO: [ app_init ] --END-- [ RunTime:0.000806s ]
INFO: [ app_begin ] --START--
INFO: Run Behavior\ReadHtmlCacheBehavior [ RunTime:0.001089s ]
INFO: [ app_begin ] --END-- [ RunTime:0.001264s ]
SQL: SHOW COLUMNS FROM `s_attr` [ RunTime:0.0065s ]
SQL: SELECT * FROM `s_attr` WHERE `type_id` = 1  [ RunTime:0.0008s ]
INFO: [ view_parse ] --START--
INFO: [ template_filter ] --START--
INFO: Run Behavior\ContentReplaceBehavior [ RunTime:0.000144s ]
INFO: [ template_filter ] --END-- [ RunTime:0.000332s ]
NOTIC: [8] Undefined variable: page F:\wamp\www\Web\Runtime\Cache\Admin\b6958da4a055485b7380bb43ed67b4a0.php 第 49 行.
INFO: Run Behavior\ParseTemplateBehavior [ RunTime:0.016189s ]
INFO: [ view_parse ] --END-- [ RunTime:0.016525s ]
INFO: [ view_filter ] --START--
INFO: Run Behavior\WriteHtmlCacheBehavior [ RunTime:0.001006s ]
INFO: [ view_filter ] --END-- [ RunTime:0.001240s ]
INFO: [ app_end ] --START--
INFO: Run Behavior\ShowPageTraceBehavior [ RunTime:0.001120s ]
INFO: [ app_end ] --END-- [ RunTime:0.001326s ]

[ 2017-04-27T22:01:44+08:00 ] ::1 /index.php/Admin/Type/index.html
INFO: [ app_init ] --START--
INFO: Run Behavior\BuildLiteBehavior [ RunTime:0.000074s ]
INFO: [ app_init ] --END-- [ RunTime:0.001161s ]
INFO: [ app_begin ] --START--
INFO: Run Behavior\ReadHtmlCacheBehavior [ RunTime:0.002085s ]
INFO: [ app_begin ] --END-- [ RunTime:0.002496s ]
SQL: SHOW COLUMNS FROM `s_type` [ RunTime:0.0070s ]
SQL: SELECT * FROM `s_type`  [ RunTime:0.0007s ]
INFO: [ view_parse ] --START--
INFO: [ template_filter ] --START--
INFO: Run Behavior\ContentReplaceBehavior [ RunTime:0.000240s ]
INFO: [ template_filter ] --END-- [ RunTime:0.000580s ]
NOTIC: [8] Undefined variable: page F:\wamp\www\Web\Runtime\Cache\Admin\e5953d4fb385ba103c0b532d795a85db.php 第 49 行.
INFO: Run Behavior\ParseTemplateBehavior [ RunTime:0.022617s ]
INFO: [ view_parse ] --END-- [ RunTime:0.023032s ]
INFO: [ view_filter ] --START--
INFO: Run Behavior\WriteHtmlCacheBehavior [ RunTime:0.001851s ]
INFO: [ view_filter ] --END-- [ RunTime:0.002245s ]
INFO: [ app_end ] --START--
INFO: Run Behavior\ShowPageTraceBehavior [ RunTime:0.002114s ]
INFO: [ app_end ] --END-- [ RunTime:0.002483s ]

[ 2017-04-27T22:01:45+08:00 ] ::1 /index.php/Admin/Attr/index/id/2
INFO: [ app_init ] --START--
INFO: Run Behavior\BuildLiteBehavior [ RunTime:0.000099s ]
INFO: [ app_init ] --END-- [ RunTime:0.001221s ]
INFO: [ app_begin ] --START--
INFO: Run Behavior\ReadHtmlCacheBehavior [ RunTime:0.001107s ]
INFO: [ app_begin ] --END-- [ RunTime:0.001373s ]
SQL: SHOW COLUMNS FROM `s_attr` [ RunTime:0.0069s ]
SQL: SELECT * FROM `s_attr` WHERE `type_id` = 2  [ RunTime:0.0004s ]
INFO: [ view_parse ] --START--
INFO: [ template_filter ] --START--
INFO: Run Behavior\ContentReplaceBehavior [ RunTime:0.000150s ]
INFO: [ template_filter ] --END-- [ RunTime:0.000353s ]
NOTIC: [8] Undefined variable: page F:\wamp\www\Web\Runtime\Cache\Admin\b6958da4a055485b7380bb43ed67b4a0.php 第 49 行.
INFO: Run Behavior\ParseTemplateBehavior [ RunTime:0.015172s ]
INFO: [ view_parse ] --END-- [ RunTime:0.015338s ]
INFO: [ view_filter ] --START--
INFO: Run Behavior\WriteHtmlCacheBehavior [ RunTime:0.000709s ]
INFO: [ view_filter ] --END-- [ RunTime:0.000870s ]
INFO: [ app_end ] --START--
INFO: Run Behavior\ShowPageTraceBehavior [ RunTime:0.000934s ]
INFO: [ app_end ] --END-- [ RunTime:0.001095s ]

[ 2017-04-27T22:01:47+08:00 ] ::1 /index.php/Admin/Attr/index/id/2
INFO: [ app_init ] --START--
INFO: Run Behavior\BuildLiteBehavior [ RunTime:0.000044s ]
INFO: [ app_init ] --END-- [ RunTime:0.000890s ]
INFO: [ app_begin ] --START--
INFO: Run Behavior\ReadHtmlCacheBehavior [ RunTime:0.001006s ]
INFO: [ app_begin ] --END-- [ RunTime:0.001183s ]
SQL: SHOW COLUMNS FROM `s_attr` [ RunTime:0.0059s ]
SQL: SELECT * FROM `s_attr` WHERE `type_id` = 2  [ RunTime:0.0007s ]
INFO: [ view_parse ] --START--
INFO: [ template_filter ] --START--
INFO: Run Behavior\ContentReplaceBehavior [ RunTime:0.000169s ]
INFO: [ template_filter ] --END-- [ RunTime:0.000417s ]
NOTIC: [8] Undefined variable: page F:\wamp\www\Web\Runtime\Cache\Admin\b6958da4a055485b7380bb43ed67b4a0.php 第 49 行.
INFO: Run Behavior\ParseTemplateBehavior [ RunTime:0.013998s ]
INFO: [ view_parse ] --END-- [ RunTime:0.014236s ]
INFO: [ view_filter ] --START--
INFO: Run Behavior\WriteHtmlCacheBehavior [ RunTime:0.001368s ]
INFO: [ view_filter ] --END-- [ RunTime:0.001602s ]
INFO: [ app_end ] --START--
INFO: Run Behavior\ShowPageTraceBehavior [ RunTime:0.001108s ]
INFO: [ app_end ] --END-- [ RunTime:0.001387s ]

[ 2017-04-27T22:02:09+08:00 ] ::1 /index.php/Admin/Attr/index/id/2
INFO: [ app_init ] --START--
INFO: Run Behavior\BuildLiteBehavior [ RunTime:0.000036s ]
INFO: [ app_init ] --END-- [ RunTime:0.000777s ]
INFO: [ app_begin ] --START--
INFO: Run Behavior\ReadHtmlCacheBehavior [ RunTime:0.001173s ]
INFO: [ app_begin ] --END-- [ RunTime:0.001434s ]
SQL: SHOW COLUMNS FROM `s_attr` [ RunTime:0.0729s ]
SQL: SELECT * FROM `s_attr` WHERE `type_id` = 2  [ RunTime:0.0006s ]
INFO: [ view_parse ] --START--
INFO: [ template_filter ] --START--
INFO: Run Behavior\ContentReplaceBehavior [ RunTime:0.000142s ]
INFO: [ template_filter ] --END-- [ RunTime:0.000345s ]
NOTIC: [8] Undefined variable: page F:\wamp\www\Web\Runtime\Cache\Admin\b6958da4a055485b7380bb43ed67b4a0.php 第 49 行.
INFO: Run Behavior\ParseTemplateBehavior [ RunTime:0.013258s ]
INFO: [ view_parse ] --END-- [ RunTime:0.013549s ]
INFO: [ view_filter ] --START--
INFO: Run Behavior\WriteHtmlCacheBehavior [ RunTime:0.000854s ]
INFO: [ view_filter ] --END-- [ RunTime:0.001070s ]
INFO: [ app_end ] --START--
INFO: Run Behavior\ShowPageTraceBehavior [ RunTime:0.000925s ]
INFO: [ app_end ] --END-- [ RunTime:0.001188s ]

[ 2017-04-27T22:02:27+08:00 ] ::1 /index.php/Admin/Attr/index/id/2
INFO: [ app_init ] --START--
INFO: Run Behavior\BuildLiteBehavior [ RunTime:0.000039s ]
INFO: [ app_init ] --END-- [ RunTime:0.000798s ]
INFO: [ app_begin ] --START--
INFO: Run Behavior\ReadHtmlCacheBehavior [ RunTime:0.000880s ]
INFO: [ app_begin ] --END-- [ RunTime:0.001127s ]
SQL: SHOW COLUMNS FROM `s_attr` [ RunTime:0.0062s ]
SQL: SELECT * FROM `s_attr` WHERE `type_id` = 2  [ RunTime:0.0006s ]
INFO: [ view_parse ] --START--
INFO: [ template_filter ] --START--
INFO: Run Behavior\ContentReplaceBehavior [ RunTime:0.000187s ]
INFO: [ template_filter ] --END-- [ RunTime:0.000550s ]
NOTIC: [8] Undefined variable: page F:\wamp\www\Web\Runtime\Cache\Admin\b6958da4a055485b7380bb43ed67b4a0.php 第 49 行.
INFO: Run Behavior\ParseTemplateBehavior [ RunTime:0.014685s ]
INFO: [ view_parse ] --END-- [ RunTime:0.014875s ]
INFO: [ view_filter ] --START--
INFO: Run Behavior\WriteHtmlCacheBehavior [ RunTime:0.000728s ]
INFO: [ view_filter ] --END-- [ RunTime:0.000880s ]
INFO: [ app_end ] --START--
INFO: Run Behavior\ShowPageTraceBehavior [ RunTime:0.000882s ]
INFO: [ app_end ] --END-- [ RunTime:0.001042s ]

[ 2017-04-27T22:02:37+08:00 ] ::1 /index.php/Admin/Type/index.html
INFO: [ app_init ] --START--
INFO: Run Behavior\BuildLiteBehavior [ RunTime:0.000067s ]
INFO: [ app_init ] --END-- [ RunTime:0.001544s ]
INFO: [ app_begin ] --START--
INFO: Run Behavior\ReadHtmlCacheBehavior [ RunTime:0.001827s ]
INFO: [ app_begin ] --END-- [ RunTime:0.002244s ]
SQL: SHOW COLUMNS FROM `s_type` [ RunTime:0.0072s ]
SQL: SELECT * FROM `s_type`  [ RunTime:0.0007s ]
INFO: [ view_parse ] --START--
INFO: [ template_filter ] --START--
INFO: Run Behavior\ContentReplaceBehavior [ RunTime:0.000284s ]
INFO: [ template_filter ] --END-- [ RunTime:0.000641s ]
NOTIC: [8] Undefined variable: page F:\wamp\www\Web\Runtime\Cache\Admin\e5953d4fb385ba103c0b532d795a85db.php 第 49 行.
INFO: Run Behavior\ParseTemplateBehavior [ RunTime:0.021719s ]
INFO: [ view_parse ] --END-- [ RunTime:0.022050s ]
INFO: [ view_filter ] --START--
INFO: Run Behavior\WriteHtmlCacheBehavior [ RunTime:0.001138s ]
INFO: [ view_filter ] --END-- [ RunTime:0.001444s ]
INFO: [ app_end ] --START--
INFO: Run Behavior\ShowPageTraceBehavior [ RunTime:0.001661s ]
INFO: [ app_end ] --END-- [ RunTime:0.002008s ]

[ 2017-04-27T22:02:39+08:00 ] ::1 /index.php/Admin/Attr/index/id/1
INFO: [ app_init ] --START--
INFO: Run Behavior\BuildLiteBehavior [ RunTime:0.000036s ]
INFO: [ app_init ] --END-- [ RunTime:0.000800s ]
INFO: [ app_begin ] --START--
INFO: Run Behavior\ReadHtmlCacheBehavior [ RunTime:0.001051s ]
INFO: [ app_begin ] --END-- [ RunTime:0.001280s ]
SQL: SHOW COLUMNS FROM `s_attr` [ RunTime:0.0065s ]
SQL: SELECT * FROM `s_attr` WHERE `type_id` = 1  [ RunTime:0.0006s ]
INFO: [ view_parse ] --START--
INFO: [ template_filter ] --START--
INFO: Run Behavior\ContentReplaceBehavior [ RunTime:0.000180s ]
INFO: [ template_filter ] --END-- [ RunTime:0.000391s ]
NOTIC: [8] Undefined variable: page F:\wamp\www\Web\Runtime\Cache\Admin\b6958da4a055485b7380bb43ed67b4a0.php 第 49 行.
INFO: Run Behavior\ParseTemplateBehavior [ RunTime:0.014990s ]
INFO: [ view_parse ] --END-- [ RunTime:0.015293s ]
INFO: [ view_filter ] --START--
INFO: Run Behavior\WriteHtmlCacheBehavior [ RunTime:0.000984s ]
INFO: [ view_filter ] --END-- [ RunTime:0.001253s ]
INFO: [ app_end ] --START--
INFO: Run Behavior\ShowPageTraceBehavior [ RunTime:0.000877s ]
INFO: [ app_end ] --END-- [ RunTime:0.001031s ]

[ 2017-04-27T22:02:52+08:00 ] ::1 /index.php/Admin/Attr/index/id/1
INFO: [ app_init ] --START--
INFO: Run Behavior\BuildLiteBehavior [ RunTime:0.000049s ]
INFO: [ app_init ] --END-- [ RunTime:0.000780s ]
INFO: [ app_begin ] --START--
INFO: Run Behavior\ReadHtmlCacheBehavior [ RunTime:0.000972s ]
INFO: [ app_begin ] --END-- [ RunTime:0.001130s ]
SQL: SHOW COLUMNS FROM `s_attr` [ RunTime:0.0193s ]
SQL: SELECT * FROM `s_attr` WHERE `type_id` = 1  [ RunTime:0.0006s ]
INFO: [ view_parse ] --START--
INFO: [ template_filter ] --START--
INFO: Run Behavior\ContentReplaceBehavior [ RunTime:0.000146s ]
INFO: [ template_filter ] --END-- [ RunTime:0.000321s ]
NOTIC: [8] Undefined variable: page F:\wamp\www\Web\Runtime\Cache\Admin\b6958da4a055485b7380bb43ed67b4a0.php 第 48 行.
INFO: Run Behavior\ParseTemplateBehavior [ RunTime:0.012999s ]
INFO: [ view_parse ] --END-- [ RunTime:0.013226s ]
INFO: [ view_filter ] --START--
INFO: Run Behavior\WriteHtmlCacheBehavior [ RunTime:0.000751s ]
INFO: [ view_filter ] --END-- [ RunTime:0.000900s ]
INFO: [ app_end ] --START--
INFO: Run Behavior\ShowPageTraceBehavior [ RunTime:0.001257s ]
INFO: [ app_end ] --END-- [ RunTime:0.001475s ]

[ 2017-04-27T22:03:10+08:00 ] ::1 /index.php/Admin/Type/index.html
INFO: [ app_init ] --START--
INFO: Run Behavior\BuildLiteBehavior [ RunTime:0.000070s ]
INFO: [ app_init ] --END-- [ RunTime:0.001175s ]
INFO: [ app_begin ] --START--
INFO: Run Behavior\ReadHtmlCacheBehavior [ RunTime:0.001208s ]
INFO: [ app_begin ] --END-- [ RunTime:0.001410s ]
SQL: SHOW COLUMNS FROM `s_type` [ RunTime:0.0080s ]
SQL: SELECT * FROM `s_type`  [ RunTime:0.0007s ]
INFO: [ view_parse ] --START--
INFO: [ template_filter ] --START--
INFO: Run Behavior\ContentReplaceBehavior [ RunTime:0.000248s ]
INFO: [ template_filter ] --END-- [ RunTime:0.000561s ]
NOTIC: [8] Undefined variable: page F:\wamp\www\Web\Runtime\Cache\Admin\e5953d4fb385ba103c0b532d795a85db.php 第 49 行.
INFO: Run Behavior\ParseTemplateBehavior [ RunTime:0.023870s ]
INFO: [ view_parse ] --END-- [ RunTime:0.024167s ]
INFO: [ view_filter ] --START--
INFO: Run Behavior\WriteHtmlCacheBehavior [ RunTime:0.001537s ]
INFO: [ view_filter ] --END-- [ RunTime:0.001863s ]
INFO: [ app_end ] --START--
INFO: Run Behavior\ShowPageTraceBehavior [ RunTime:0.001381s ]
INFO: [ app_end ] --END-- [ RunTime:0.001617s ]

[ 2017-04-27T22:03:12+08:00 ] ::1 /index.php/Admin/Attr/index/id/1
INFO: [ app_init ] --START--
INFO: Run Behavior\BuildLiteBehavior [ RunTime:0.000069s ]
INFO: [ app_init ] --END-- [ RunTime:0.001529s ]
INFO: [ app_begin ] --START--
INFO: Run Behavior\ReadHtmlCacheBehavior [ RunTime:0.001363s ]
INFO: [ app_begin ] --END-- [ RunTime:0.001666s ]
SQL: SHOW COLUMNS FROM `s_attr` [ RunTime:0.0078s ]
SQL: SELECT * FROM `s_attr` WHERE `type_id` = 1  [ RunTime:0.0007s ]
INFO: [ view_parse ] --START--
INFO: [ template_filter ] --START--
INFO: Run Behavior\ContentReplaceBehavior [ RunTime:0.000215s ]
INFO: [ template_filter ] --END-- [ RunTime:0.000528s ]
NOTIC: [8] Undefined variable: page F:\wamp\www\Web\Runtime\Cache\Admin\b6958da4a055485b7380bb43ed67b4a0.php 第 48 行.
INFO: Run Behavior\ParseTemplateBehavior [ RunTime:0.015710s ]
INFO: [ view_parse ] --END-- [ RunTime:0.015914s ]
INFO: [ view_filter ] --START--
INFO: Run Behavior\WriteHtmlCacheBehavior [ RunTime:0.000914s ]
INFO: [ view_filter ] --END-- [ RunTime:0.001069s ]
INFO: [ app_end ] --START--
INFO: Run Behavior\ShowPageTraceBehavior [ RunTime:0.000963s ]
INFO: [ app_end ] --END-- [ RunTime:0.001117s ]

[ 2017-04-27T22:03:13+08:00 ] ::1 /index.php/Admin/Attr/add/id/1
INFO: [ app_init ] --START--
INFO: Run Behavior\BuildLiteBehavior [ RunTime:0.000038s ]
INFO: [ app_init ] --END-- [ RunTime:0.000835s ]
INFO: [ app_begin ] --START--
INFO: Run Behavior\ReadHtmlCacheBehavior [ RunTime:0.001005s ]
INFO: [ app_begin ] --END-- [ RunTime:0.001192s ]
INFO: [ view_parse ] --START--
INFO: [ template_filter ] --START--
INFO: Run Behavior\ContentReplaceBehavior [ RunTime:0.000143s ]
INFO: [ template_filter ] --END-- [ RunTime:0.000353s ]
INFO: Run Behavior\ParseTemplateBehavior [ RunTime:0.012504s ]
INFO: [ view_parse ] --END-- [ RunTime:0.012702s ]
INFO: [ view_filter ] --START--
INFO: Run Behavior\WriteHtmlCacheBehavior [ RunTime:0.000784s ]
INFO: [ view_filter ] --END-- [ RunTime:0.000947s ]
INFO: [ app_end ] --START--
INFO: Run Behavior\ShowPageTraceBehavior [ RunTime:0.000894s ]
INFO: [ app_end ] --END-- [ RunTime:0.001067s ]

[ 2017-04-27T22:03:34+08:00 ] ::1 /index.php/Admin/Attr/add
INFO: [ app_init ] --START--
INFO: Run Behavior\BuildLiteBehavior [ RunTime:0.000083s ]
INFO: [ app_init ] --END-- [ RunTime:0.004303s ]
INFO: [ app_begin ] --START--
INFO: Run Behavior\ReadHtmlCacheBehavior [ RunTime:0.001798s ]
INFO: [ app_begin ] --END-- [ RunTime:0.002330s ]
SQL: SHOW COLUMNS FROM `s_attr` [ RunTime:0.0056s ]
SQL: INSERT INTO `s_attr` (`type_id`,`attr_name`,`attr_type`,`attr_values`) VALUES ('1','内存','1','4G,6G,8G') [ RunTime:0.0559s ]
INFO: [ view_parse ] --START--
INFO: [ template_filter ] --START--
INFO: Run Behavior\ContentReplaceBehavior [ RunTime:0.000207s ]
INFO: [ template_filter ] --END-- [ RunTime:0.000470s ]
INFO: Run Behavior\ParseTemplateBehavior [ RunTime:0.009464s ]
INFO: [ view_parse ] --END-- [ RunTime:0.009721s ]
INFO: [ view_filter ] --START--
INFO: Run Behavior\WriteHtmlCacheBehavior [ RunTime:0.000688s ]
INFO: [ view_filter ] --END-- [ RunTime:0.000837s ]
INFO: [ app_end ] --START--
INFO: Run Behavior\ShowPageTraceBehavior [ RunTime:0.000902s ]
INFO: [ app_end ] --END-- [ RunTime:0.001055s ]

[ 2017-04-27T22:03:36+08:00 ] ::1 /index.php/Admin/Attr/index.html
INFO: [ app_init ] --START--
INFO: Run Behavior\BuildLiteBehavior [ RunTime:0.000037s ]
INFO: [ app_init ] --END-- [ RunTime:0.000854s ]
INFO: [ app_begin ] --START--
INFO: Run Behavior\ReadHtmlCacheBehavior [ RunTime:0.000970s ]
INFO: [ app_begin ] --END-- [ RunTime:0.001183s ]
SQL: SHOW COLUMNS FROM `s_attr` [ RunTime:0.0061s ]
SQL: SELECT * FROM `s_attr` WHERE `type_id` = 0  [ RunTime:0.0006s ]
INFO: [ view_parse ] --START--
INFO: [ template_filter ] --START--
INFO: Run Behavior\ContentReplaceBehavior [ RunTime:0.000139s ]
INFO: [ template_filter ] --END-- [ RunTime:0.000316s ]
NOTIC: [8] Undefined variable: page F:\wamp\www\Web\Runtime\Cache\Admin\b6958da4a055485b7380bb43ed67b4a0.php 第 48 行.
INFO: Run Behavior\ParseTemplateBehavior [ RunTime:0.014712s ]
INFO: [ view_parse ] --END-- [ RunTime:0.014914s ]
INFO: [ view_filter ] --START--
INFO: Run Behavior\WriteHtmlCacheBehavior [ RunTime:0.000799s ]
INFO: [ view_filter ] --END-- [ RunTime:0.000948s ]
INFO: [ app_end ] --START--
INFO: Run Behavior\ShowPageTraceBehavior [ RunTime:0.001036s ]
INFO: [ app_end ] --END-- [ RunTime:0.001189s ]

[ 2017-04-27T22:03:39+08:00 ] ::1 /index.php/Admin/Attr/index.html
INFO: [ app_init ] --START--
INFO: Run Behavior\BuildLiteBehavior [ RunTime:0.000037s ]
INFO: [ app_init ] --END-- [ RunTime:0.000690s ]
INFO: [ app_begin ] --START--
INFO: Run Behavior\ReadHtmlCacheBehavior [ RunTime:0.000997s ]
INFO: [ app_begin ] --END-- [ RunTime:0.001221s ]
SQL: SHOW COLUMNS FROM `s_attr` [ RunTime:0.0525s ]
SQL: SELECT * FROM `s_attr` WHERE `type_id` = 0  [ RunTime:0.0007s ]
INFO: [ view_parse ] --START--
INFO: [ template_filter ] --START--
INFO: Run Behavior\ContentReplaceBehavior [ RunTime:0.000169s ]
INFO: [ template_filter ] --END-- [ RunTime:0.000345s ]
NOTIC: [8] Undefined variable: page F:\wamp\www\Web\Runtime\Cache\Admin\b6958da4a055485b7380bb43ed67b4a0.php 第 48 行.
INFO: Run Behavior\ParseTemplateBehavior [ RunTime:0.013617s ]
INFO: [ view_parse ] --END-- [ RunTime:0.013880s ]
INFO: [ view_filter ] --START--
INFO: Run Behavior\WriteHtmlCacheBehavior [ RunTime:0.000783s ]
INFO: [ view_filter ] --END-- [ RunTime:0.000933s ]
INFO: [ app_end ] --START--
INFO: Run Behavior\ShowPageTraceBehavior [ RunTime:0.001058s ]
INFO: [ app_end ] --END-- [ RunTime:0.001268s ]

[ 2017-04-27T22:03:41+08:00 ] ::1 /index.php/Admin/Type/index.html
INFO: [ app_init ] --START--
INFO: Run Behavior\BuildLiteBehavior [ RunTime:0.000073s ]
INFO: [ app_init ] --END-- [ RunTime:0.001263s ]
INFO: [ app_begin ] --START--
INFO: Run Behavior\ReadHtmlCacheBehavior [ RunTime:0.001359s ]
INFO: [ app_begin ] --END-- [ RunTime:0.001740s ]
SQL: SHOW COLUMNS FROM `s_type` [ RunTime:0.0089s ]
SQL: SELECT * FROM `s_type`  [ RunTime:0.0007s ]
INFO: [ view_parse ] --START--
INFO: [ template_filter ] --START--
INFO: Run Behavior\ContentReplaceBehavior [ RunTime:0.000257s ]
INFO: [ template_filter ] --END-- [ RunTime:0.000606s ]
NOTIC: [8] Undefined variable: page F:\wamp\www\Web\Runtime\Cache\Admin\e5953d4fb385ba103c0b532d795a85db.php 第 49 行.
INFO: Run Behavior\ParseTemplateBehavior [ RunTime:0.020685s ]
INFO: [ view_parse ] --END-- [ RunTime:0.021001s ]
INFO: [ view_filter ] --START--
INFO: Run Behavior\WriteHtmlCacheBehavior [ RunTime:0.001196s ]
INFO: [ view_filter ] --END-- [ RunTime:0.001578s ]
INFO: [ app_end ] --START--
INFO: Run Behavior\ShowPageTraceBehavior [ RunTime:0.003191s ]
INFO: [ app_end ] --END-- [ RunTime:0.003542s ]

[ 2017-04-27T22:03:42+08:00 ] ::1 /index.php/Admin/Attr/index/id/1
INFO: [ app_init ] --START--
INFO: Run Behavior\BuildLiteBehavior [ RunTime:0.000044s ]
INFO: [ app_init ] --END-- [ RunTime:0.000819s ]
INFO: [ app_begin ] --START--
INFO: Run Behavior\ReadHtmlCacheBehavior [ RunTime:0.000757s ]
INFO: [ app_begin ] --END-- [ RunTime:0.000932s ]
SQL: SHOW COLUMNS FROM `s_attr` [ RunTime:0.0083s ]
SQL: SELECT * FROM `s_attr` WHERE `type_id` = 1  [ RunTime:0.0005s ]
INFO: [ view_parse ] --START--
INFO: [ template_filter ] --START--
INFO: Run Behavior\ContentReplaceBehavior [ RunTime:0.000209s ]
INFO: [ template_filter ] --END-- [ RunTime:0.000491s ]
NOTIC: [8] Undefined variable: page F:\wamp\www\Web\Runtime\Cache\Admin\b6958da4a055485b7380bb43ed67b4a0.php 第 48 行.
INFO: Run Behavior\ParseTemplateBehavior [ RunTime:0.016136s ]
INFO: [ view_parse ] --END-- [ RunTime:0.016320s ]
INFO: [ view_filter ] --START--
INFO: Run Behavior\WriteHtmlCacheBehavior [ RunTime:0.000669s ]
INFO: [ view_filter ] --END-- [ RunTime:0.000829s ]
INFO: [ app_end ] --START--
INFO: Run Behavior\ShowPageTraceBehavior [ RunTime:0.000766s ]
INFO: [ app_end ] --END-- [ RunTime:0.000928s ]

