[ 2017-04-26T20:20:00+08:00 ] ::1 /index.php/Admin
INFO: [ app_init ] --START--
INFO: Run Behavior\BuildLiteBehavior [ RunTime:0.000051s ]
INFO: [ app_init ] --END-- [ RunTime:0.085128s ]
INFO: [ app_begin ] --START--
INFO: Run Behavior\ReadHtmlCacheBehavior [ RunTime:0.026376s ]
INFO: [ app_begin ] --END-- [ RunTime:0.026659s ]
INFO: [ view_parse ] --START--
INFO: [ template_filter ] --START--
INFO: Run Behavior\ContentReplaceBehavior [ RunTime:0.000295s ]
INFO: [ template_filter ] --END-- [ RunTime:0.000626s ]
NOTIC: [8] Undefined index: uname F:\wamp\www\Web\Runtime\Cache\Admin\391f8483e972cb01cf3587d26ac43e28.php 第 31 行.
NOTIC: [8] Undefined index: deparName F:\wamp\www\Web\Runtime\Cache\Admin\391f8483e972cb01cf3587d26ac43e28.php 第 32 行.
INFO: Run Behavior\ParseTemplateBehavior [ RunTime:0.530462s ]
INFO: [ view_parse ] --END-- [ RunTime:0.530703s ]
INFO: [ view_filter ] --START--
INFO: Run Behavior\WriteHtmlCacheBehavior [ RunTime:0.034611s ]
INFO: [ view_filter ] --END-- [ RunTime:0.034790s ]
INFO: [ app_end ] --START--
INFO: Run Behavior\ShowPageTraceBehavior [ RunTime:0.111089s ]
INFO: [ app_end ] --END-- [ RunTime:0.111275s ]

[ 2017-04-26T20:20:24+08:00 ] ::1 /index.php/Admin/Cate/index.html
INFO: [ app_init ] --START--
INFO: Run Behavior\BuildLiteBehavior [ RunTime:0.000106s ]
INFO: [ app_init ] --END-- [ RunTime:0.001585s ]
INFO: [ app_begin ] --START--
INFO: Run Behavior\ReadHtmlCacheBehavior [ RunTime:0.000980s ]
INFO: [ app_begin ] --END-- [ RunTime:0.001288s ]
SQL: SHOW COLUMNS FROM `s_cate` [ RunTime:0.4345s ]
SQL: SELECT * FROM `s_cate` ORDER BY id desc  [ RunTime:0.0309s ]
INFO: [ view_parse ] --START--
INFO: [ template_filter ] --START--
INFO: Run Behavior\ContentReplaceBehavior [ RunTime:0.000136s ]
INFO: [ template_filter ] --END-- [ RunTime:0.000312s ]
NOTIC: [8] Undefined variable: page F:\wamp\www\Web\Runtime\Cache\Admin\0df82035272bba64d5bfc3e56f0489ae.php 第 46 行.
INFO: Run Behavior\ParseTemplateBehavior [ RunTime:0.082224s ]
INFO: [ view_parse ] --END-- [ RunTime:0.082541s ]
INFO: [ view_filter ] --START--
INFO: Run Behavior\WriteHtmlCacheBehavior [ RunTime:0.001129s ]
INFO: [ view_filter ] --END-- [ RunTime:0.001587s ]
INFO: [ app_end ] --START--
INFO: Run Behavior\ShowPageTraceBehavior [ RunTime:0.001046s ]
INFO: [ app_end ] --END-- [ RunTime:0.001332s ]

[ 2017-04-26T20:20:32+08:00 ] ::1 /index.php/Admin/Type/index.html
INFO: [ app_init ] --START--
INFO: Run Behavior\BuildLiteBehavior [ RunTime:0.000084s ]
INFO: [ app_init ] --END-- [ RunTime:0.001274s ]
INFO: [ app_begin ] --START--
INFO: Run Behavior\ReadHtmlCacheBehavior [ RunTime:0.001085s ]
INFO: [ app_begin ] --END-- [ RunTime:0.001513s ]
SQL: SHOW COLUMNS FROM `s_type` [ RunTime:0.0969s ]
SQL: SELECT * FROM `s_type`  [ RunTime:0.0017s ]
INFO: [ view_parse ] --START--
INFO: [ template_filter ] --START--
INFO: Run Behavior\ContentReplaceBehavior [ RunTime:0.000251s ]
INFO: [ template_filter ] --END-- [ RunTime:0.000567s ]
NOTIC: [8] Undefined variable: page F:\wamp\www\Web\Runtime\Cache\Admin\e5953d4fb385ba103c0b532d795a85db.php 第 48 行.
INFO: Run Behavior\ParseTemplateBehavior [ RunTime:0.059612s ]
INFO: [ view_parse ] --END-- [ RunTime:0.059923s ]
INFO: [ view_filter ] --START--
INFO: Run Behavior\WriteHtmlCacheBehavior [ RunTime:0.000753s ]
INFO: [ view_filter ] --END-- [ RunTime:0.001036s ]
INFO: [ app_end ] --START--
INFO: Run Behavior\ShowPageTraceBehavior [ RunTime:0.001089s ]
INFO: [ app_end ] --END-- [ RunTime:0.001401s ]

[ 2017-04-26T20:20:38+08:00 ] ::1 /index.php/Admin/Type/add
INFO: [ app_init ] --START--
INFO: Run Behavior\BuildLiteBehavior [ RunTime:0.000039s ]
INFO: [ app_init ] --END-- [ RunTime:0.000757s ]
INFO: [ app_begin ] --START--
INFO: Run Behavior\ReadHtmlCacheBehavior [ RunTime:0.000647s ]
INFO: [ app_begin ] --END-- [ RunTime:0.000844s ]
SQL: SHOW COLUMNS FROM `s_type` [ RunTime:0.0065s ]
INFO: [ view_parse ] --START--
INFO: [ template_filter ] --START--
INFO: Run Behavior\ContentReplaceBehavior [ RunTime:0.000132s ]
INFO: [ template_filter ] --END-- [ RunTime:0.000320s ]
INFO: Run Behavior\ParseTemplateBehavior [ RunTime:0.046584s ]
INFO: [ view_parse ] --END-- [ RunTime:0.046798s ]
INFO: [ view_filter ] --START--
INFO: Run Behavior\WriteHtmlCacheBehavior [ RunTime:0.000456s ]
INFO: [ view_filter ] --END-- [ RunTime:0.000605s ]
INFO: [ app_end ] --START--
INFO: Run Behavior\ShowPageTraceBehavior [ RunTime:0.000580s ]
INFO: [ app_end ] --END-- [ RunTime:0.000734s ]

[ 2017-04-26T20:20:45+08:00 ] ::1 /index.php/Admin/Type/add
INFO: [ app_init ] --START--
INFO: Run Behavior\BuildLiteBehavior [ RunTime:0.000037s ]
INFO: [ app_init ] --END-- [ RunTime:0.000590s ]
INFO: [ app_begin ] --START--
INFO: Run Behavior\ReadHtmlCacheBehavior [ RunTime:0.000715s ]
INFO: [ app_begin ] --END-- [ RunTime:0.000875s ]
SQL: SHOW COLUMNS FROM `s_type` [ RunTime:0.0050s ]
SQL: INSERT INTO `s_type` (`type_name`) VALUES ('书') [ RunTime:0.2329s ]
INFO: [ view_parse ] --START--
INFO: [ template_filter ] --START--
INFO: Run Behavior\ContentReplaceBehavior [ RunTime:0.000126s ]
INFO: [ template_filter ] --END-- [ RunTime:0.000312s ]
INFO: Run Behavior\ParseTemplateBehavior [ RunTime:0.041380s ]
INFO: [ view_parse ] --END-- [ RunTime:0.041725s ]
INFO: [ view_filter ] --START--
INFO: Run Behavior\WriteHtmlCacheBehavior [ RunTime:0.000624s ]
INFO: [ view_filter ] --END-- [ RunTime:0.000842s ]
INFO: [ app_end ] --START--
INFO: Run Behavior\ShowPageTraceBehavior [ RunTime:0.000959s ]
INFO: [ app_end ] --END-- [ RunTime:0.001180s ]

[ 2017-04-26T20:20:46+08:00 ] ::1 /index.php/Admin/Type/index.html
INFO: [ app_init ] --START--
INFO: Run Behavior\BuildLiteBehavior [ RunTime:0.000065s ]
INFO: [ app_init ] --END-- [ RunTime:0.000909s ]
INFO: [ app_begin ] --START--
INFO: Run Behavior\ReadHtmlCacheBehavior [ RunTime:0.001038s ]
INFO: [ app_begin ] --END-- [ RunTime:0.001310s ]
SQL: SHOW COLUMNS FROM `s_type` [ RunTime:0.0056s ]
SQL: SELECT * FROM `s_type`  [ RunTime:0.0005s ]
INFO: [ view_parse ] --START--
INFO: [ template_filter ] --START--
INFO: Run Behavior\ContentReplaceBehavior [ RunTime:0.000134s ]
INFO: [ template_filter ] --END-- [ RunTime:0.000330s ]
NOTIC: [8] Undefined variable: page F:\wamp\www\Web\Runtime\Cache\Admin\e5953d4fb385ba103c0b532d795a85db.php 第 48 行.
INFO: Run Behavior\ParseTemplateBehavior [ RunTime:0.011153s ]
INFO: [ view_parse ] --END-- [ RunTime:0.011343s ]
INFO: [ view_filter ] --START--
INFO: Run Behavior\WriteHtmlCacheBehavior [ RunTime:0.000500s ]
INFO: [ view_filter ] --END-- [ RunTime:0.000650s ]
INFO: [ app_end ] --START--
INFO: Run Behavior\ShowPageTraceBehavior [ RunTime:0.000784s ]
INFO: [ app_end ] --END-- [ RunTime:0.001125s ]

